#
# There is insufficient memory for the Java Runtime Environment to continue.
# Native memory allocation (malloc) failed to allocate 248352 bytes. Error detail: Chunk::new
# Possible reasons:
#   The system is out of physical RAM or swap space
#   This process is running with CompressedOops enabled, and the Java Heap may be blocking the growth of the native heap
# Possible solutions:
#   Reduce memory load on the system
#   Increase physical memory or swap space
#   Check if swap backing store is full
#   Decrease Java heap size (-Xmx/-Xms)
#   Decrease number of Java threads
#   Decrease Java thread stack sizes (-Xss)
#   Set larger code cache with -XX:ReservedCodeCacheSize=
#   JVM is running with Unscaled Compressed Oops mode in which the Java heap is
#     placed in the first 4GB address space. The Java Heap base address is the
#     maximum limit for the native heap growth. Please use -XX:HeapBaseMinAddress
#     to set the Java Heap base and to place the Java Heap above 4GB virtual address.
# This output file may be truncated or incomplete.
#
#  Out of Memory Error (arena.cpp:191), pid=6124, tid=16088
#
# JRE version: OpenJDK Runtime Environment Temurin-17.0.13+11 (17.0.13+11) (build 17.0.13+11)
# Java VM: OpenJDK 64-Bit Server VM Temurin-17.0.13+11 (17.0.13+11, mixed mode, tiered, compressed oops, compressed class ptrs, parallel gc, windows-amd64)
# No core dump will be written. Minidumps are not enabled by default on client versions of Windows
#

---------------  S U M M A R Y ------------

Command Line: --add-modules=ALL-SYSTEM --add-opens=java.base/java.util=ALL-UNNAMED --add-opens=java.base/java.lang=ALL-UNNAMED --add-opens=java.base/sun.nio.fs=ALL-UNNAMED -Declipse.application=org.eclipse.jdt.ls.core.id1 -Dosgi.bundles.defaultStartLevel=4 -Declipse.product=org.eclipse.jdt.ls.core.product -Djava.import.generatesMetadataFilesAtProjectRoot=false -DDetectVMInstallationsJob.disabled=true -Dfile.encoding=utf8 -XX:+UseParallelGC -XX:GCTimeRatio=4 -XX:AdaptiveSizePolicyWeight=90 -Dsun.zip.disableMemoryMapping=true -Xmx1G -Xms100m -Xlog:disable -javaagent:c:\Users\PATRICK\.vscode\extensions\redhat.java-1.37.0-win32-x64\lombok\lombok-1.18.34.jar -XX:+HeapDumpOnOutOfMemoryError -XX:HeapDumpPath=c:\Users\PATRICK\AppData\Roaming\Code\User\workspaceStorage\f894fb1dcfdf21191da425cff57b0a2a\redhat.java -Daether.dependencyCollector.impl=bf c:\Users\PATRICK\.vscode\extensions\redhat.java-1.37.0-win32-x64\server\plugins\org.eclipse.equinox.launcher_1.6.900.v20240613-2009.jar -configuration c:\Users\PATRICK\AppData\Roaming\Code\User\globalStorage\redhat.java\1.37.0\config_win -data c:\Users\PATRICK\AppData\Roaming\Code\User\workspaceStorage\f894fb1dcfdf21191da425cff57b0a2a\redhat.java\jdt_ws --pipe=\\.\pipe\lsp-e313d88e1e59c626dfc41892dc4e711c-sock

Host: Intel(R) Core(TM) i7-9750H CPU @ 2.60GHz, 12 cores, 31G,  Windows 11 , 64 bit Build 22621 (10.0.22621.4391)
Time: Wed Dec 11 04:21:30 2024 Afr. centrale Ouest elapsed time: 0.862091 seconds (0d 0h 0m 0s)

---------------  T H R E A D  ---------------

Current thread (0x0000027320231020):  JavaThread "C2 CompilerThread1" daemon [_thread_in_native, id=16088, stack(0x0000008921a00000,0x0000008921b00000)]


Current CompileTask:
C2:    862 1106       4       lombok.launch.PackageShader::apply (252 bytes)

Stack: [0x0000008921a00000,0x0000008921b00000]
Native frames: (J=compiled Java code, j=interpreted, Vv=VM code, C=native code)
V  [jvm.dll+0x682a19]
V  [jvm.dll+0x839538]
V  [jvm.dll+0x83afe3]
V  [jvm.dll+0x83b653]
V  [jvm.dll+0x24704f]
V  [jvm.dll+0xace34]
V  [jvm.dll+0xad4cc]
V  [jvm.dll+0x36597e]
V  [jvm.dll+0x1ba793]
V  [jvm.dll+0x2181a7]
V  [jvm.dll+0x21748f]
V  [jvm.dll+0x1a3070]
V  [jvm.dll+0x22788c]
V  [jvm.dll+0x2259eb]
V  [jvm.dll+0x7eec98]
V  [jvm.dll+0x7e8ffc]
V  [jvm.dll+0x6818f7]
C  [ucrtbase.dll+0x29333]
C  [KERNEL32.DLL+0x1259d]
C  [ntdll.dll+0x5af38]


---------------  P R O C E S S  ---------------

Threads class SMR info:
_java_thread_list=0x0000027321bb6980, length=14, elements={
0x00000273051cecb0, 0x0000027320076e90, 0x000002732007a4d0, 0x000002731afa52c0,
0x000002731afa6140, 0x000002731afa6fc0, 0x00000273200996e0, 0x000002732009ce90,
0x00000273200a14f0, 0x00000273200aae60, 0x000002731afadfe0, 0x0000027320231020,
0x00000273218e6f90, 0x0000027321967140
}

Java Threads: ( => current thread )
  0x00000273051cecb0 JavaThread "main" [_thread_blocked, id=26424, stack(0x0000008920c00000,0x0000008920d00000)]
  0x0000027320076e90 JavaThread "Reference Handler" daemon [_thread_blocked, id=2604, stack(0x0000008921000000,0x0000008921100000)]
  0x000002732007a4d0 JavaThread "Finalizer" daemon [_thread_blocked, id=14768, stack(0x0000008921100000,0x0000008921200000)]
  0x000002731afa52c0 JavaThread "Signal Dispatcher" daemon [_thread_blocked, id=9572, stack(0x0000008921200000,0x0000008921300000)]
  0x000002731afa6140 JavaThread "Attach Listener" daemon [_thread_blocked, id=19560, stack(0x0000008921300000,0x0000008921400000)]
  0x000002731afa6fc0 JavaThread "Service Thread" daemon [_thread_blocked, id=8676, stack(0x0000008921400000,0x0000008921500000)]
  0x00000273200996e0 JavaThread "Monitor Deflation Thread" daemon [_thread_blocked, id=23080, stack(0x0000008921500000,0x0000008921600000)]
  0x000002732009ce90 JavaThread "C2 CompilerThread0" daemon [_thread_in_native, id=9880, stack(0x0000008921600000,0x0000008921700000)]
  0x00000273200a14f0 JavaThread "C1 CompilerThread0" daemon [_thread_blocked, id=26644, stack(0x0000008921700000,0x0000008921800000)]
  0x00000273200aae60 JavaThread "Sweeper thread" daemon [_thread_blocked, id=2600, stack(0x0000008921800000,0x0000008921900000)]
  0x000002731afadfe0 JavaThread "Common-Cleaner" daemon [_thread_blocked, id=26496, stack(0x0000008921900000,0x0000008921a00000)]
=>0x0000027320231020 JavaThread "C2 CompilerThread1" daemon [_thread_in_native, id=16088, stack(0x0000008921a00000,0x0000008921b00000)]
  0x00000273218e6f90 JavaThread "Notification Thread" daemon [_thread_blocked, id=4428, stack(0x0000008921b00000,0x0000008921c00000)]
  0x0000027321967140 JavaThread "C2 CompilerThread2" daemon [_thread_blocked, id=20160, stack(0x0000008921d00000,0x0000008921e00000)]

Other Threads:
  0x0000027320074870 VMThread "VM Thread" [stack: 0x0000008920f00000,0x0000008921000000] [id=20144]
  0x00000273218a0bb0 WatcherThread [stack: 0x0000008921c00000,0x0000008921d00000] [id=24036]
  0x00000273051e40f0 GCTaskThread "GC Thread#0" [stack: 0x0000008920e00000,0x0000008920f00000] [id=6972]
  0x0000027321d72e60 GCTaskThread "GC Thread#1" [stack: 0x0000008921e00000,0x0000008921f00000] [id=26744]
  0x0000027321d73530 GCTaskThread "GC Thread#2" [stack: 0x0000008921f00000,0x0000008922000000] [id=28308]
  0x0000027321d737f0 GCTaskThread "GC Thread#3" [stack: 0x0000008922000000,0x0000008922100000] [id=11896]
  0x0000027321b442a0 GCTaskThread "GC Thread#4" [stack: 0x0000008922100000,0x0000008922200000] [id=10188]
  0x0000027322252030 GCTaskThread "GC Thread#5" [stack: 0x0000008922200000,0x0000008922300000] [id=5536]
  0x00000273222522f0 GCTaskThread "GC Thread#6" [stack: 0x0000008922300000,0x0000008922400000] [id=22856]

Threads with active compile tasks:
C2 CompilerThread0      884 1137       4       jdk.internal.jimage.ImageLocation::verify (218 bytes)
C1 CompilerThread0      884 1146       3       org.lombokweb.asm.ByteVector::putByte (39 bytes)
C2 CompilerThread1      885 1106       4       lombok.launch.PackageShader::apply (252 bytes)

VM state: not at safepoint (normal execution)

VM Mutex/Monitor currently owned by a thread: None

Heap address: 0x00000000c0000000, size: 1024 MB, Compressed Oops mode: 32-bit

CDS archive(s) not mapped
Compressed class space mapped at: 0x0000000100000000-0x0000000140000000, reserved size: 1073741824
Narrow klass base: 0x0000000000000000, Narrow klass shift: 3, Narrow klass range: 0x140000000

GC Precious Log:
 CPUs: 12 total, 12 available
 Memory: 32619M
 Large Page Support: Disabled
 NUMA Support: Disabled
 Compressed Oops: Enabled (32-bit)
 Alignments: Space 512K, Generation 512K, Heap 2M
 Heap Min Capacity: 100M
 Heap Initial Capacity: 100M
 Heap Max Capacity: 1G
 Pre-touch: Disabled
 Parallel Workers: 10

Heap:
 PSYoungGen      total 29696K, used 12181K [0x00000000eab00000, 0x00000000ecc00000, 0x0000000100000000)
  eden space 25600K, 35% used [0x00000000eab00000,0x00000000eb3cdc70,0x00000000ec400000)
  from space 4096K, 77% used [0x00000000ec400000,0x00000000ec7177a8,0x00000000ec800000)
  to   space 4096K, 0% used [0x00000000ec800000,0x00000000ec800000,0x00000000ecc00000)
 ParOldGen       total 68608K, used 16K [0x00000000c0000000, 0x00000000c4300000, 0x00000000eab00000)
  object space 68608K, 0% used [0x00000000c0000000,0x00000000c0004000,0x00000000c4300000)
 Metaspace       used 12214K, committed 12416K, reserved 1114112K
  class space    used 1196K, committed 1280K, reserved 1048576K

Card table byte_map: [0x0000027318820000,0x0000027318a30000] _byte_map_base: 0x0000027318220000

Marking Bits: (ParMarkBitMap*) 0x00007ffa68236940
 Begin Bits: [0x0000027318b90000, 0x0000027319b90000)
 End Bits:   [0x0000027319b90000, 0x000002731ab90000)

Polling page: 0x0000027305280000

Metaspace:

Usage:
  Non-class:     10.76 MB used.
      Class:      1.17 MB used.
       Both:     11.93 MB used.

Virtual space:
  Non-class space:       64.00 MB reserved,      10.88 MB ( 17%) committed,  1 nodes.
      Class space:        1.00 GB reserved,       1.25 MB ( <1%) committed,  1 nodes.
             Both:        1.06 GB reserved,      12.12 MB (  1%) committed. 

Chunk freelists:
   Non-Class:  4.34 MB
       Class:  14.61 MB
        Both:  18.95 MB

MaxMetaspaceSize: unlimited
CompressedClassSpaceSize: 1.00 GB
Initial GC threshold: 21.00 MB
Current GC threshold: 21.00 MB
CDS: off
MetaspaceReclaimPolicy: balanced
 - commit_granule_bytes: 65536.
 - commit_granule_words: 8192.
 - virtual_space_node_default_size: 8388608.
 - enlarge_chunks_in_place: 1.
 - new_chunks_are_fully_committed: 0.
 - uncommit_free_chunks: 1.
 - use_allocation_guard: 0.
 - handle_deallocations: 1.


Internal statistics:

num_allocs_failed_limit: 0.
num_arena_births: 32.
num_arena_deaths: 0.
num_vsnodes_births: 2.
num_vsnodes_deaths: 0.
num_space_committed: 194.
num_space_uncommitted: 0.
num_chunks_returned_to_freelist: 0.
num_chunks_taken_from_freelist: 139.
num_chunk_merges: 0.
num_chunk_splits: 99.
num_chunks_enlarged: 85.
num_inconsistent_stats: 0.

CodeHeap 'non-profiled nmethods': size=120000Kb used=491Kb max_used=491Kb free=119508Kb
 bounds [0x0000027311100000, 0x0000027311370000, 0x0000027318630000]
CodeHeap 'profiled nmethods': size=120000Kb used=1977Kb max_used=1977Kb free=118023Kb
 bounds [0x0000027309630000, 0x00000273098a0000, 0x0000027310b60000]
CodeHeap 'non-nmethods': size=5760Kb used=1146Kb max_used=1176Kb free=4613Kb
 bounds [0x0000027310b60000, 0x0000027310dd0000, 0x0000027311100000]
 total_blobs=1584 nmethods=1146 adapters=353
 compilation: enabled
              stopped_count=0, restarted_count=0
 full_count=0

Compilation events (20 events):
Event: 0.842 Thread 0x00000273200a14f0 nmethod 1117 0x0000027309806f10 code [0x00000273098070e0, 0x0000027309807528]
Event: 0.842 Thread 0x00000273200a14f0 1116       3       org.lombokweb.asm.ClassReader::getItem (7 bytes)
Event: 0.843 Thread 0x00000273200a14f0 nmethod 1116 0x0000027309807810 code [0x00000273098079a0, 0x0000027309807ad8]
Event: 0.843 Thread 0x00000273200a14f0 1119       3       org.lombokweb.asm.SymbolTable::add (39 bytes)
Event: 0.843 Thread 0x00000273200a14f0 nmethod 1119 0x0000027309807b90 code [0x0000027309807d40, 0x0000027309807ff8]
Event: 0.843 Thread 0x00000273200a14f0 1120       3       org.lombokweb.asm.ClassReader::readUTF8 (23 bytes)
Event: 0.843 Thread 0x00000273200a14f0 nmethod 1120 0x0000027309808110 code [0x00000273098082c0, 0x00000273098084f8]
Event: 0.843 Thread 0x00000273200a14f0 1118       3       org.lombokweb.asm.Symbol::<init> (38 bytes)
Event: 0.843 Thread 0x00000273200a14f0 nmethod 1118 0x0000027309808610 code [0x00000273098087a0, 0x0000027309808958]
Event: 0.843 Thread 0x00000273200a14f0 1123   !   3       java.io.WinNTFileSystem::resolve (362 bytes)
Event: 0.848 Thread 0x0000027321967140 nmethod 1093 0x0000027311174e90 code [0x00000273111751a0, 0x00000273111772d8]
Event: 0.850 Thread 0x00000273200a14f0 nmethod 1123 0x0000027309808a90 code [0x0000027309809440, 0x000002730980dc68]
Event: 0.850 Thread 0x00000273200a14f0 1124       3       java.io.File::<init> (47 bytes)
Event: 0.851 Thread 0x00000273200a14f0 nmethod 1124 0x000002730980f690 code [0x000002730980f860, 0x000002730980fba8]
Event: 0.851 Thread 0x00000273200a14f0 1122       3       java.io.File::getAbsolutePath (8 bytes)
Event: 0.851 Thread 0x00000273200a14f0 nmethod 1122 0x000002730980fd10 code [0x000002730980fec0, 0x0000027309810028]
Event: 0.854 Thread 0x00000273200a14f0 1125       3       java.io.WinNTFileSystem::normalizePrefix (132 bytes)
Event: 0.857 Thread 0x00000273200a14f0 nmethod 1125 0x0000027309810110 code [0x0000027309810540, 0x00000273098124e8]
Event: 0.859 Thread 0x00000273200a14f0 1126       3       java.net.URI::toString (16 bytes)
Event: 0.859 Thread 0x00000273200a14f0 nmethod 1126 0x0000027309813110 code [0x00000273098132c0, 0x0000027309813448]

GC Heap History (2 events):
Event: 0.697 GC heap before
{Heap before GC invocations=1 (full 0):
 PSYoungGen      total 29696K, used 25600K [0x00000000eab00000, 0x00000000ecc00000, 0x0000000100000000)
  eden space 25600K, 100% used [0x00000000eab00000,0x00000000ec400000,0x00000000ec400000)
  from space 4096K, 0% used [0x00000000ec800000,0x00000000ec800000,0x00000000ecc00000)
  to   space 4096K, 0% used [0x00000000ec400000,0x00000000ec400000,0x00000000ec800000)
 ParOldGen       total 68608K, used 0K [0x00000000c0000000, 0x00000000c4300000, 0x00000000eab00000)
  object space 68608K, 0% used [0x00000000c0000000,0x00000000c0000000,0x00000000c4300000)
 Metaspace       used 10921K, committed 11072K, reserved 1114112K
  class space    used 1085K, committed 1152K, reserved 1048576K
}
Event: 0.704 GC heap after
{Heap after GC invocations=1 (full 0):
 PSYoungGen      total 29696K, used 3165K [0x00000000eab00000, 0x00000000ecc00000, 0x0000000100000000)
  eden space 25600K, 0% used [0x00000000eab00000,0x00000000eab00000,0x00000000ec400000)
  from space 4096K, 77% used [0x00000000ec400000,0x00000000ec7177a8,0x00000000ec800000)
  to   space 4096K, 0% used [0x00000000ec800000,0x00000000ec800000,0x00000000ecc00000)
 ParOldGen       total 68608K, used 16K [0x00000000c0000000, 0x00000000c4300000, 0x00000000eab00000)
  object space 68608K, 0% used [0x00000000c0000000,0x00000000c0004000,0x00000000c4300000)
 Metaspace       used 10921K, committed 11072K, reserved 1114112K
  class space    used 1085K, committed 1152K, reserved 1048576K
}

Dll operation events (8 events):
Event: 0.011 Loaded shared library c:\Users\PATRICK\.vscode\extensions\redhat.java-1.37.0-win32-x64\jre\17.0.13-win32-x86_64\bin\java.dll
Event: 0.164 Loaded shared library c:\Users\PATRICK\.vscode\extensions\redhat.java-1.37.0-win32-x64\jre\17.0.13-win32-x86_64\bin\zip.dll
Event: 0.167 Loaded shared library C:\Users\PATRICK\.vscode\extensions\redhat.java-1.37.0-win32-x64\jre\17.0.13-win32-x86_64\bin\instrument.dll
Event: 0.180 Loaded shared library C:\Users\PATRICK\.vscode\extensions\redhat.java-1.37.0-win32-x64\jre\17.0.13-win32-x86_64\bin\net.dll
Event: 0.182 Loaded shared library C:\Users\PATRICK\.vscode\extensions\redhat.java-1.37.0-win32-x64\jre\17.0.13-win32-x86_64\bin\nio.dll
Event: 0.190 Loaded shared library C:\Users\PATRICK\.vscode\extensions\redhat.java-1.37.0-win32-x64\jre\17.0.13-win32-x86_64\bin\zip.dll
Event: 0.205 Loaded shared library C:\Users\PATRICK\.vscode\extensions\redhat.java-1.37.0-win32-x64\jre\17.0.13-win32-x86_64\bin\jimage.dll
Event: 0.272 Loaded shared library c:\Users\PATRICK\.vscode\extensions\redhat.java-1.37.0-win32-x64\jre\17.0.13-win32-x86_64\bin\verify.dll

Deoptimization events (20 events):
Event: 0.786 Thread 0x00000273051cecb0 Uncommon trap: trap_request=0xffffff45 fr.pc=0x0000027311168e60 relative=0x00000000000001e0
Event: 0.786 Thread 0x00000273051cecb0 Uncommon trap: reason=unstable_if action=reinterpret pc=0x0000027311168e60 method=java.io.BufferedInputStream.read()I @ 8 c2
Event: 0.786 Thread 0x00000273051cecb0 DEOPT PACKING pc=0x0000027311168e60 sp=0x0000008920cfe3e0
Event: 0.786 Thread 0x00000273051cecb0 DEOPT UNPACKING pc=0x0000027310bb66a3 sp=0x0000008920cfe390 mode 2
Event: 0.805 Thread 0x00000273051cecb0 Uncommon trap: trap_request=0xffffff45 fr.pc=0x0000027311148df4 relative=0x00000000000010b4
Event: 0.805 Thread 0x00000273051cecb0 Uncommon trap: reason=unstable_if action=reinterpret pc=0x0000027311148df4 method=lombok.patcher.PatchScript.classMatches(Ljava/lang/String;Ljava/util/Collection;)Z @ 25 c2
Event: 0.805 Thread 0x00000273051cecb0 DEOPT PACKING pc=0x0000027311148df4 sp=0x0000008920cf85f0
Event: 0.805 Thread 0x00000273051cecb0 DEOPT UNPACKING pc=0x0000027310bb66a3 sp=0x0000008920cf8558 mode 2
Event: 0.807 Thread 0x00000273051cecb0 DEOPT PACKING pc=0x00000273096a62a1 sp=0x0000008920cf7ab0
Event: 0.807 Thread 0x00000273051cecb0 DEOPT UNPACKING pc=0x0000027310bb6e43 sp=0x0000008920cf6f60 mode 0
Event: 0.819 Thread 0x00000273051cecb0 DEOPT PACKING pc=0x00000273096a62a1 sp=0x0000008920cf3ec0
Event: 0.819 Thread 0x00000273051cecb0 DEOPT UNPACKING pc=0x0000027310bb6e43 sp=0x0000008920cf3370 mode 0
Event: 0.823 Thread 0x00000273051cecb0 DEOPT PACKING pc=0x00000273096a62a1 sp=0x0000008920cf3ec0
Event: 0.823 Thread 0x00000273051cecb0 DEOPT UNPACKING pc=0x0000027310bb6e43 sp=0x0000008920cf3370 mode 0
Event: 0.831 Thread 0x00000273051cecb0 DEOPT PACKING pc=0x00000273096a62a1 sp=0x0000008920cf3ec0
Event: 0.831 Thread 0x00000273051cecb0 DEOPT UNPACKING pc=0x0000027310bb6e43 sp=0x0000008920cf3370 mode 0
Event: 0.835 Thread 0x00000273051cecb0 DEOPT PACKING pc=0x00000273096a62a1 sp=0x0000008920cf79c0
Event: 0.835 Thread 0x00000273051cecb0 DEOPT UNPACKING pc=0x0000027310bb6e43 sp=0x0000008920cf6e70 mode 0
Event: 0.856 Thread 0x00000273051cecb0 DEOPT PACKING pc=0x00000273096a62a1 sp=0x0000008920cf3b50
Event: 0.856 Thread 0x00000273051cecb0 DEOPT UNPACKING pc=0x0000027310bb6e43 sp=0x0000008920cf3000 mode 0

Classes loaded (20 events):
Event: 0.765 Loading class java/util/concurrent/SynchronousQueue$TransferStack
Event: 0.765 Loading class java/util/concurrent/SynchronousQueue$Transferer
Event: 0.765 Loading class java/util/concurrent/SynchronousQueue$Transferer done
Event: 0.765 Loading class java/util/concurrent/SynchronousQueue$TransferStack done
Event: 0.765 Loading class java/util/concurrent/SynchronousQueue$TransferStack$SNode
Event: 0.765 Loading class java/util/concurrent/ForkJoinPool$ManagedBlocker
Event: 0.765 Loading class java/util/concurrent/ForkJoinPool$ManagedBlocker done
Event: 0.765 Loading class java/util/concurrent/SynchronousQueue$TransferStack$SNode done
Event: 0.766 Loading class java/util/concurrent/RejectedExecutionHandler
Event: 0.766 Loading class java/util/concurrent/RejectedExecutionHandler done
Event: 0.766 Loading class java/util/concurrent/LinkedBlockingQueue
Event: 0.766 Loading class java/util/concurrent/LinkedBlockingQueue done
Event: 0.766 Loading class java/util/concurrent/LinkedBlockingQueue$Node
Event: 0.766 Loading class java/util/concurrent/LinkedBlockingQueue$Node done
Event: 0.778 Loading class java/util/concurrent/Semaphore$NonfairSync
Event: 0.778 Loading class java/util/concurrent/Semaphore$Sync
Event: 0.778 Loading class java/util/concurrent/Semaphore$Sync done
Event: 0.778 Loading class java/util/concurrent/Semaphore$NonfairSync done
Event: 0.825 Loading class java/lang/TypeNotPresentException
Event: 0.825 Loading class java/lang/TypeNotPresentException done

Classes unloaded (0 events):
No events

Classes redefined (0 events):
No events

Internal exceptions (20 events):
Event: 0.474 Thread 0x00000273051cecb0 Exception <a 'java/io/FileNotFoundException'{0x00000000eb8a1af8}> (0x00000000eb8a1af8) 
thrown [s\src\hotspot\share\prims\jni.cpp, line 516]
Event: 0.475 Thread 0x00000273051cecb0 Exception <a 'java/io/FileNotFoundException'{0x00000000eb8a2c50}> (0x00000000eb8a2c50) 
thrown [s\src\hotspot\share\prims\jni.cpp, line 516]
Event: 0.475 Thread 0x00000273051cecb0 Exception <a 'java/io/FileNotFoundException'{0x00000000eb8a3da8}> (0x00000000eb8a3da8) 
thrown [s\src\hotspot\share\prims\jni.cpp, line 516]
Event: 0.475 Thread 0x00000273051cecb0 Exception <a 'java/io/FileNotFoundException'{0x00000000eb8a4ee0}> (0x00000000eb8a4ee0) 
thrown [s\src\hotspot\share\prims\jni.cpp, line 516]
Event: 0.482 Thread 0x00000273051cecb0 Exception <a 'java/io/FileNotFoundException'{0x00000000eb8dfe20}> (0x00000000eb8dfe20) 
thrown [s\src\hotspot\share\prims\jni.cpp, line 516]
Event: 0.626 Thread 0x00000273051cecb0 Exception <a 'java/lang/ClassNotFoundException'{0x00000000ec11cf08}: sun/net/www/protocol/c/Handler> (0x00000000ec11cf08) 
thrown [s\src\hotspot\share\classfile\systemDictionary.cpp, line 256]
Event: 0.626 Thread 0x00000273051cecb0 Exception <a 'java/lang/ClassNotFoundException'{0x00000000ec11e278}: sun/net/www/protocol/c/Handler> (0x00000000ec11e278) 
thrown [s\src\hotspot\share\classfile\systemDictionary.cpp, line 256]
Event: 0.626 Thread 0x00000273051cecb0 Exception <a 'java/lang/ClassNotFoundException'{0x00000000ec11f440}: sun/net/www/protocol/c/Handler> (0x00000000ec11f440) 
thrown [s\src\hotspot\share\classfile\systemDictionary.cpp, line 256]
Event: 0.633 Thread 0x00000273051cecb0 Exception <a 'java/io/FileNotFoundException'{0x00000000ec147d40}> (0x00000000ec147d40) 
thrown [s\src\hotspot\share\prims\jni.cpp, line 516]
Event: 0.664 Thread 0x00000273051cecb0 Implicit null exception at 0x0000027311157a00 to 0x00000273111583dc
Event: 0.664 Thread 0x00000273051cecb0 Implicit null exception at 0x000002731114b871 to 0x000002731114ba5c
Event: 0.664 Thread 0x00000273051cecb0 Implicit null exception at 0x000002731114e671 to 0x000002731114e870
Event: 0.664 Thread 0x00000273051cecb0 Implicit null exception at 0x000002731114510f to 0x0000027311145189
Event: 0.709 Thread 0x00000273051cecb0 Exception <a 'java/lang/NoSuchMethodError'{0x00000000eab220a8}: 'int java.lang.invoke.DirectMethodHandle$Holder.invokeStaticInit(java.lang.Object, java.lang.Object, java.lang.Object, java.lang.Object)'> (0x00000000eab220a8) 
thrown [s\src\hotspot\share\interpreter\linkResolver.cpp, line 759]
Event: 0.710 Thread 0x00000273051cecb0 Exception <a 'java/lang/NoSuchMethodError'{0x00000000eab2c810}: 'java.lang.Object java.lang.invoke.DirectMethodHandle$Holder.invokeInterface(java.lang.Object, java.lang.Object)'> (0x00000000eab2c810) 
thrown [s\src\hotspot\share\interpreter\linkResolver.cpp, line 759]
Event: 0.711 Thread 0x00000273051cecb0 Exception <a 'java/lang/IncompatibleClassChangeError'{0x00000000eab30008}: Found class java.lang.Object, but interface was expected> (0x00000000eab30008) 
thrown [s\src\hotspot\share\interpreter\linkResolver.cpp, line 826]
Event: 0.711 Thread 0x00000273051cecb0 Exception <a 'java/lang/NoSuchMethodError'{0x00000000eab344e8}: 'void java.lang.invoke.DirectMethodHandle$Holder.invokeStatic(java.lang.Object, java.lang.Object)'> (0x00000000eab344e8) 
thrown [s\src\hotspot\share\interpreter\linkResolver.cpp, line 759]
Event: 0.712 Thread 0x00000273051cecb0 Exception <a 'java/lang/NoSuchMethodError'{0x00000000eab37ce8}: 'void java.lang.invoke.DirectMethodHandle$Holder.invokeStaticInit(java.lang.Object, java.lang.Object)'> (0x00000000eab37ce8) 
thrown [s\src\hotspot\share\interpreter\linkResolver.cpp, line 759]
Event: 0.713 Thread 0x00000273051cecb0 Exception <a 'java/lang/NoSuchMethodError'{0x00000000eab3f1e8}: 'int java.lang.invoke.DirectMethodHandle$Holder.invokeStaticInit(java.lang.Object, java.lang.Object)'> (0x00000000eab3f1e8) 
thrown [s\src\hotspot\share\interpreter\linkResolver.cpp, line 759]
Event: 0.748 Thread 0x00000273051cecb0 Exception <a 'java/lang/NoSuchMethodError'{0x00000000eacccba8}: 'void java.lang.invoke.DirectMethodHandle$Holder.invokeSpecial(java.lang.Object, java.lang.Object, java.lang.Object)'> (0x00000000eacccba8) 
thrown [s\src\hotspot\share\interpreter\linkResolver.cpp, line 759]

VM Operations (14 events):
Event: 0.145 Executing VM operation: HandshakeAllThreads
Event: 0.145 Executing VM operation: HandshakeAllThreads done
Event: 0.222 Executing VM operation: HandshakeAllThreads
Event: 0.222 Executing VM operation: HandshakeAllThreads done
Event: 0.451 Executing VM operation: HandshakeAllThreads
Event: 0.451 Executing VM operation: HandshakeAllThreads done
Event: 0.467 Executing VM operation: HandshakeAllThreads
Event: 0.467 Executing VM operation: HandshakeAllThreads done
Event: 0.608 Executing VM operation: HandshakeAllThreads
Event: 0.608 Executing VM operation: HandshakeAllThreads done
Event: 0.636 Executing VM operation: ICBufferFull
Event: 0.636 Executing VM operation: ICBufferFull done
Event: 0.697 Executing VM operation: ParallelGCFailedAllocation
Event: 0.704 Executing VM operation: ParallelGCFailedAllocation done

Memory protections (0 events):
No events

Nmethod flushes (0 events):
No events

Events (14 events):
Event: 0.039 Thread 0x00000273051cecb0 Thread added: 0x00000273051cecb0
Event: 0.048 Thread 0x00000273051cecb0 Thread added: 0x0000027320076e90
Event: 0.048 Thread 0x00000273051cecb0 Thread added: 0x000002732007a4d0
Event: 0.067 Thread 0x00000273051cecb0 Thread added: 0x000002731afa52c0
Event: 0.067 Thread 0x00000273051cecb0 Thread added: 0x000002731afa6140
Event: 0.067 Thread 0x00000273051cecb0 Thread added: 0x000002731afa6fc0
Event: 0.067 Thread 0x00000273051cecb0 Thread added: 0x00000273200996e0
Event: 0.067 Thread 0x00000273051cecb0 Thread added: 0x000002732009ce90
Event: 0.067 Thread 0x00000273051cecb0 Thread added: 0x00000273200a14f0
Event: 0.067 Thread 0x00000273051cecb0 Thread added: 0x00000273200aae60
Event: 0.124 Thread 0x00000273051cecb0 Thread added: 0x000002731afadfe0
Event: 0.152 Thread 0x00000273200a14f0 Thread added: 0x0000027320231020
Event: 0.342 Thread 0x00000273051cecb0 Thread added: 0x00000273218e6f90
Event: 0.455 Thread 0x0000027320231020 Thread added: 0x0000027321967140


Dynamic libraries:
0x00007ff622760000 - 0x00007ff62276e000 	c:\Users\PATRICK\.vscode\extensions\redhat.java-1.37.0-win32-x64\jre\17.0.13-win32-x86_64\bin\java.exe
0x00007ffae95b0000 - 0x00007ffae97c7000 	C:\WINDOWS\SYSTEM32\ntdll.dll
0x00007ffae7a50000 - 0x00007ffae7b14000 	C:\WINDOWS\System32\KERNEL32.DLL
0x00007ffae6be0000 - 0x00007ffae6f99000 	C:\WINDOWS\System32\KERNELBASE.dll
0x00007ffae7180000 - 0x00007ffae7291000 	C:\WINDOWS\System32\ucrtbase.dll
0x00007ffad76a0000 - 0x00007ffad76b7000 	c:\Users\PATRICK\.vscode\extensions\redhat.java-1.37.0-win32-x64\jre\17.0.13-win32-x86_64\bin\jli.dll
0x00007ffae72f0000 - 0x00007ffae749e000 	C:\WINDOWS\System32\USER32.dll
0x00007ffae72a0000 - 0x00007ffae72c6000 	C:\WINDOWS\System32\win32u.dll
0x00007ffae9330000 - 0x00007ffae9359000 	C:\WINDOWS\System32\GDI32.dll
0x00007ffae6ac0000 - 0x00007ffae6bdb000 	C:\WINDOWS\System32\gdi32full.dll
0x00007ffae69f0000 - 0x00007ffae6a8a000 	C:\WINDOWS\System32\msvcp_win.dll
0x00007ffae2280000 - 0x00007ffae229e000 	c:\Users\PATRICK\.vscode\extensions\redhat.java-1.37.0-win32-x64\jre\17.0.13-win32-x86_64\bin\VCRUNTIME140.dll
0x00007ffad2da0000 - 0x00007ffad3032000 	C:\WINDOWS\WinSxS\amd64_microsoft.windows.common-controls_6595b64144ccf1df_6.0.22621.4391_none_2715d37f73803e96\COMCTL32.dll
0x00007ffae79a0000 - 0x00007ffae7a47000 	C:\WINDOWS\System32\msvcrt.dll
0x00007ffae9130000 - 0x00007ffae9161000 	C:\WINDOWS\System32\IMM32.DLL
0x00007ffad7c80000 - 0x00007ffad7c8c000 	c:\Users\PATRICK\.vscode\extensions\redhat.java-1.37.0-win32-x64\jre\17.0.13-win32-x86_64\bin\vcruntime140_1.dll
0x00007ffa6bd40000 - 0x00007ffa6bdcd000 	c:\Users\PATRICK\.vscode\extensions\redhat.java-1.37.0-win32-x64\jre\17.0.13-win32-x86_64\bin\msvcp140.dll
0x00007ffa67690000 - 0x00007ffa682fb000 	c:\Users\PATRICK\.vscode\extensions\redhat.java-1.37.0-win32-x64\jre\17.0.13-win32-x86_64\bin\server\jvm.dll
0x00007ffae74b0000 - 0x00007ffae7562000 	C:\WINDOWS\System32\ADVAPI32.dll
0x00007ffae77a0000 - 0x00007ffae7847000 	C:\WINDOWS\System32\sechost.dll
0x00007ffae6a90000 - 0x00007ffae6ab8000 	C:\WINDOWS\System32\bcrypt.dll
0x00007ffae7580000 - 0x00007ffae7694000 	C:\WINDOWS\System32\RPCRT4.dll
0x00007ffae8580000 - 0x00007ffae85f1000 	C:\WINDOWS\System32\WS2_32.dll
0x00007ffae5aa0000 - 0x00007ffae5aed000 	C:\WINDOWS\SYSTEM32\POWRPROF.dll
0x00007ffad0e80000 - 0x00007ffad0eb4000 	C:\WINDOWS\SYSTEM32\WINMM.dll
0x00007ffae1fe0000 - 0x00007ffae1fea000 	C:\WINDOWS\SYSTEM32\VERSION.dll
0x00007ffae5a80000 - 0x00007ffae5a93000 	C:\WINDOWS\SYSTEM32\UMPDC.dll
0x00007ffae5960000 - 0x00007ffae5978000 	C:\WINDOWS\SYSTEM32\kernel.appcore.dll
0x00007ffacc320000 - 0x00007ffacc32a000 	c:\Users\PATRICK\.vscode\extensions\redhat.java-1.37.0-win32-x64\jre\17.0.13-win32-x86_64\bin\jimage.dll
0x00007ffae41d0000 - 0x00007ffae4402000 	C:\WINDOWS\SYSTEM32\DBGHELP.DLL
0x00007ffae8680000 - 0x00007ffae8a0f000 	C:\WINDOWS\System32\combase.dll
0x00007ffae78b0000 - 0x00007ffae7987000 	C:\WINDOWS\System32\OLEAUT32.dll
0x00007ffacbb30000 - 0x00007ffacbb62000 	C:\WINDOWS\SYSTEM32\dbgcore.DLL
0x00007ffae68b0000 - 0x00007ffae692b000 	C:\WINDOWS\System32\bcryptPrimitives.dll
0x00007ffacb0e0000 - 0x00007ffacb0ee000 	c:\Users\PATRICK\.vscode\extensions\redhat.java-1.37.0-win32-x64\jre\17.0.13-win32-x86_64\bin\instrument.dll
0x00007ffaca130000 - 0x00007ffaca155000 	c:\Users\PATRICK\.vscode\extensions\redhat.java-1.37.0-win32-x64\jre\17.0.13-win32-x86_64\bin\java.dll
0x00007ffac0c90000 - 0x00007ffac0ca8000 	c:\Users\PATRICK\.vscode\extensions\redhat.java-1.37.0-win32-x64\jre\17.0.13-win32-x86_64\bin\zip.dll
0x00007ffae7b20000 - 0x00007ffae8396000 	C:\WINDOWS\System32\SHELL32.dll
0x00007ffae47f0000 - 0x00007ffae50f3000 	C:\WINDOWS\SYSTEM32\windows.storage.dll
0x00007ffae46b0000 - 0x00007ffae47ef000 	C:\WINDOWS\SYSTEM32\wintypes.dll
0x00007ffae9360000 - 0x00007ffae9459000 	C:\WINDOWS\System32\SHCORE.dll
0x00007ffae9460000 - 0x00007ffae94be000 	C:\WINDOWS\System32\shlwapi.dll
0x00007ffae67e0000 - 0x00007ffae680b000 	C:\WINDOWS\SYSTEM32\profapi.dll
0x00007ffac0c70000 - 0x00007ffac0c89000 	C:\Users\PATRICK\.vscode\extensions\redhat.java-1.37.0-win32-x64\jre\17.0.13-win32-x86_64\bin\net.dll
0x00007ffae2340000 - 0x00007ffae2476000 	C:\WINDOWS\SYSTEM32\WINHTTP.dll
0x00007ffae5e60000 - 0x00007ffae5ec9000 	C:\WINDOWS\system32\mswsock.dll
0x00007ffac0c50000 - 0x00007ffac0c66000 	C:\Users\PATRICK\.vscode\extensions\redhat.java-1.37.0-win32-x64\jre\17.0.13-win32-x86_64\bin\nio.dll
0x00007ffacb0d0000 - 0x00007ffacb0e0000 	c:\Users\PATRICK\.vscode\extensions\redhat.java-1.37.0-win32-x64\jre\17.0.13-win32-x86_64\bin\verify.dll

dbghelp: loaded successfully - version: 4.0.5 - missing functions: none
symbol engine: initialized successfully - sym options: 0x614 - pdb path: .;c:\Users\PATRICK\.vscode\extensions\redhat.java-1.37.0-win32-x64\jre\17.0.13-win32-x86_64\bin;C:\WINDOWS\SYSTEM32;C:\WINDOWS\WinSxS\amd64_microsoft.windows.common-controls_6595b64144ccf1df_6.0.22621.4391_none_2715d37f73803e96;c:\Users\PATRICK\.vscode\extensions\redhat.java-1.37.0-win32-x64\jre\17.0.13-win32-x86_64\bin\server

VM Arguments:
jvm_args: --add-modules=ALL-SYSTEM --add-opens=java.base/java.util=ALL-UNNAMED --add-opens=java.base/java.lang=ALL-UNNAMED --add-opens=java.base/sun.nio.fs=ALL-UNNAMED -Declipse.application=org.eclipse.jdt.ls.core.id1 -Dosgi.bundles.defaultStartLevel=4 -Declipse.product=org.eclipse.jdt.ls.core.product -Djava.import.generatesMetadataFilesAtProjectRoot=false -DDetectVMInstallationsJob.disabled=true -Dfile.encoding=utf8 -XX:+UseParallelGC -XX:GCTimeRatio=4 -XX:AdaptiveSizePolicyWeight=90 -Dsun.zip.disableMemoryMapping=true -Xmx1G -Xms100m -Xlog:disable -javaagent:c:\Users\PATRICK\.vscode\extensions\redhat.java-1.37.0-win32-x64\lombok\lombok-1.18.34.jar -XX:+HeapDumpOnOutOfMemoryError -XX:HeapDumpPath=c:\Users\PATRICK\AppData\Roaming\Code\User\workspaceStorage\f894fb1dcfdf21191da425cff57b0a2a\redhat.java -Daether.dependencyCollector.impl=bf 
java_command: c:\Users\PATRICK\.vscode\extensions\redhat.java-1.37.0-win32-x64\server\plugins\org.eclipse.equinox.launcher_1.6.900.v20240613-2009.jar -configuration c:\Users\PATRICK\AppData\Roaming\Code\User\globalStorage\redhat.java\1.37.0\config_win -data c:\Users\PATRICK\AppData\Roaming\Code\User\workspaceStorage\f894fb1dcfdf21191da425cff57b0a2a\redhat.java\jdt_ws --pipe=\\.\pipe\lsp-e313d88e1e59c626dfc41892dc4e711c-sock
java_class_path (initial): c:\Users\PATRICK\.vscode\extensions\redhat.java-1.37.0-win32-x64\server\plugins\org.eclipse.equinox.launcher_1.6.900.v20240613-2009.jar
Launcher Type: SUN_STANDARD

[Global flags]
    uintx AdaptiveSizePolicyWeight                 = 90                                        {product} {command line}
     intx CICompilerCount                          = 4                                         {product} {ergonomic}
    uintx GCTimeRatio                              = 4                                         {product} {command line}
     bool HeapDumpOnOutOfMemoryError               = true                                   {manageable} {command line}
    ccstr HeapDumpPath                             = c:\Users\PATRICK\AppData\Roaming\Code\User\workspaceStorage\f894fb1dcfdf21191da425cff57b0a2a\redhat.java         {manageable} {command line}
   size_t InitialHeapSize                          = 104857600                                 {product} {command line}
   size_t MaxHeapSize                              = 1073741824                                {product} {command line}
   size_t MaxNewSize                               = 357564416                                 {product} {ergonomic}
   size_t MinHeapDeltaBytes                        = 524288                                    {product} {ergonomic}
   size_t MinHeapSize                              = 104857600                                 {product} {command line}
   size_t NewSize                                  = 34603008                                  {product} {ergonomic}
    uintx NonNMethodCodeHeapSize                   = 5839372                                {pd product} {ergonomic}
    uintx NonProfiledCodeHeapSize                  = 122909434                              {pd product} {ergonomic}
   size_t OldSize                                  = 70254592                                  {product} {ergonomic}
    uintx ProfiledCodeHeapSize                     = 122909434                              {pd product} {ergonomic}
    uintx ReservedCodeCacheSize                    = 251658240                              {pd product} {ergonomic}
     bool SegmentedCodeCache                       = true                                      {product} {ergonomic}
   size_t SoftMaxHeapSize                          = 1073741824                             {manageable} {ergonomic}
     bool UseCompressedClassPointers               = true                           {product lp64_product} {ergonomic}
     bool UseCompressedOops                        = true                           {product lp64_product} {ergonomic}
     bool UseLargePagesIndividualAllocation        = false                                  {pd product} {ergonomic}
     bool UseParallelGC                            = true                                      {product} {command line}

Logging:
Log output configuration:
 #0: stdout all=off uptime,level,tags
 #1: stderr all=off uptime,level,tags

Environment Variables:
JAVA_HOME=C:\Program Files (x86)\Java\jre1.8.0_431
PATH=C:\Program Files (x86)\VMware\VMware Workstation\bin\;C:\Program Files (x86)\Common Files\Oracle\Java\java8path;C:\Program Files (x86)\Common Files\Oracle\Java\javapath;C:\Program Files\Eclipse Adoptium\jdk-21.0.4.7-hotspot\bin;C:\WINDOWS\system32;C:\WINDOWS;C:\WINDOWS\System32\Wbem;C:\WINDOWS\System32\WindowsPowerShell\v1.0\;C:\WINDOWS\System32\OpenSSH\;C:\Program Files\dotnet\;C:\Program Files\MiKTeX\miktex\bin\x64\;C:\Program Files\Git\cmd;C:\Program Files\nodejs\;C:\Program Files (x86)\Java\jre1.8.0_431\bin;C:\Users\PATRICK\AppData\Local\Microsoft\WindowsApps;;C:\Program Files\JetBrains\IntelliJ IDEA Community Edition 2024.2.0.1\bin;;C:\Users\PATRICK\AppData\Local\Programs\Microsoft VS Code\bin;C:\Users\PATRICK\AppData\Roaming\npm
USERNAME=PATRICK
OS=Windows_NT
PROCESSOR_IDENTIFIER=Intel64 Family 6 Model 158 Stepping 10, GenuineIntel
TMP=C:\Users\PATRICK\AppData\Local\Temp
TEMP=C:\Users\PATRICK\AppData\Local\Temp



Periodic native trim disabled


---------------  S Y S T E M  ---------------

OS:
 Windows 11 , 64 bit Build 22621 (10.0.22621.4391)
OS uptime: 0 days 12:12 hours

CPU: total 12 (initial active 12) (6 cores per cpu, 2 threads per core) family 6 model 158 stepping 10 microcode 0xde, cx8, cmov, fxsr, ht, mmx, 3dnowpref, sse, sse2, sse3, ssse3, sse4.1, sse4.2, popcnt, lzcnt, tsc, tscinvbit, avx, avx2, aes, erms, clmul, bmi1, bmi2, adx, fma, vzeroupper, clflush, clflushopt
Processor Information for all 12 processors :
  Max Mhz: 2592, Current Mhz: 2592, Mhz Limit: 2592

Memory: 4k page, system-wide physical 32619M (3636M free)
TotalPageFile size 130923M (AvailPageFile size 3M)
current process WorkingSet (physical memory assigned to process): 82M, peak: 83M
current process commit charge ("private bytes"): 210M, peak: 211M

vm_info: OpenJDK 64-Bit Server VM (17.0.13+11) for windows-amd64 JRE (17.0.13+11), built on Oct 16 2024 00:10:08 by "admin" with MS VC++ 17.7 (VS2022)

END.
