#
# There is insufficient memory for the Java Runtime Environment to continue.
# Native memory allocation (malloc) failed to allocate 614656 bytes. Error detail: Chunk::new
# Possible reasons:
#   The system is out of physical RAM or swap space
#   This process is running with CompressedOops enabled, and the Java Heap may be blocking the growth of the native heap
# Possible solutions:
#   Reduce memory load on the system
#   Increase physical memory or swap space
#   Check if swap backing store is full
#   Decrease Java heap size (-Xmx/-Xms)
#   Decrease number of Java threads
#   Decrease Java thread stack sizes (-Xss)
#   Set larger code cache with -XX:ReservedCodeCacheSize=
#   JVM is running with Unscaled Compressed Oops mode in which the Java heap is
#     placed in the first 4GB address space. The Java Heap base address is the
#     maximum limit for the native heap growth. Please use -XX:HeapBaseMinAddress
#     to set the Java Heap base and to place the Java Heap above 4GB virtual address.
# This output file may be truncated or incomplete.
#
#  Out of Memory Error (arena.cpp:191), pid=1444, tid=24988
#
# JRE version: OpenJDK Runtime Environment Temurin-17.0.13+11 (17.0.13+11) (build 17.0.13+11)
# Java VM: OpenJDK 64-Bit Server VM Temurin-17.0.13+11 (17.0.13+11, mixed mode, tiered, compressed oops, compressed class ptrs, parallel gc, windows-amd64)
# No core dump will be written. Minidumps are not enabled by default on client versions of Windows
#

---------------  S U M M A R Y ------------

Command Line: --add-modules=ALL-SYSTEM --add-opens=java.base/java.util=ALL-UNNAMED --add-opens=java.base/java.lang=ALL-UNNAMED --add-opens=java.base/sun.nio.fs=ALL-UNNAMED -Declipse.application=org.eclipse.jdt.ls.core.id1 -Dosgi.bundles.defaultStartLevel=4 -Declipse.product=org.eclipse.jdt.ls.core.product -Djava.import.generatesMetadataFilesAtProjectRoot=false -DDetectVMInstallationsJob.disabled=true -Dfile.encoding=utf8 -XX:+UseParallelGC -XX:GCTimeRatio=4 -XX:AdaptiveSizePolicyWeight=90 -Dsun.zip.disableMemoryMapping=true -Xmx1G -Xms100m -Xlog:disable -javaagent:c:\Users\PATRICK\.vscode\extensions\redhat.java-1.37.0-win32-x64\lombok\lombok-1.18.34.jar -XX:+HeapDumpOnOutOfMemoryError -XX:HeapDumpPath=c:\Users\PATRICK\AppData\Roaming\Code\User\workspaceStorage\f894fb1dcfdf21191da425cff57b0a2a\redhat.java -Daether.dependencyCollector.impl=bf c:\Users\PATRICK\.vscode\extensions\redhat.java-1.37.0-win32-x64\server\plugins\org.eclipse.equinox.launcher_1.6.900.v20240613-2009.jar -configuration c:\Users\PATRICK\AppData\Roaming\Code\User\globalStorage\redhat.java\1.37.0\config_win -data c:\Users\PATRICK\AppData\Roaming\Code\User\workspaceStorage\f894fb1dcfdf21191da425cff57b0a2a\redhat.java\jdt_ws --pipe=\\.\pipe\lsp-00bb4d727bd2234ddd644f5278678d2d-sock

Host: Intel(R) Core(TM) i7-9750H CPU @ 2.60GHz, 12 cores, 31G,  Windows 11 , 64 bit Build 22621 (10.0.22621.4391)
Time: Wed Dec 11 04:21:30 2024 Afr. centrale Ouest elapsed time: 10.923636 seconds (0d 0h 0m 10s)

---------------  T H R E A D  ---------------

Current thread (0x000002090923c450):  JavaThread "C2 CompilerThread1" daemon [_thread_in_native, id=24988, stack(0x000000108f000000,0x000000108f100000)]


Current CompileTask:
C2:  10923 4531       4       org.eclipse.osgi.internal.loader.ModuleClassLoader::toString (80 bytes)

Stack: [0x000000108f000000,0x000000108f100000]
Native frames: (J=compiled Java code, j=interpreted, Vv=VM code, C=native code)
V  [jvm.dll+0x682a19]
V  [jvm.dll+0x839538]
V  [jvm.dll+0x83afe3]
V  [jvm.dll+0x83b653]
V  [jvm.dll+0x24704f]
V  [jvm.dll+0xace34]
V  [jvm.dll+0xad4cc]
V  [jvm.dll+0x2ac84f]
V  [jvm.dll+0x588a79]
V  [jvm.dll+0x220ea2]
V  [jvm.dll+0x219cd2]
V  [jvm.dll+0x21738b]
V  [jvm.dll+0x1a3070]
V  [jvm.dll+0x22788c]
V  [jvm.dll+0x2259eb]
V  [jvm.dll+0x7eec98]
V  [jvm.dll+0x7e8ffc]
V  [jvm.dll+0x6818f7]
C  [ucrtbase.dll+0x29333]
C  [KERNEL32.DLL+0x1259d]
C  [ntdll.dll+0x5af38]


---------------  P R O C E S S  ---------------

Threads class SMR info:
_java_thread_list=0x000002090837cb20, length=45, elements={
0x000002096ba6da30, 0x000002097f84d6f0, 0x0000020906b17040, 0x0000020906b53010,
0x0000020906b53a40, 0x0000020906b55010, 0x0000020906b58400, 0x0000020906b68550,
0x0000020906b71ab0, 0x0000020906b71fd0, 0x0000020906ce63f0, 0x0000020906ce7830,
0x0000020906ce54c0, 0x0000020906ce4590, 0x0000020906ce4fb0, 0x0000020906ce7320,
0x0000020906ce59d0, 0x0000020906ce4080, 0x0000020906ce6900, 0x0000020906ce4aa0,
0x0000020908ac6ce0, 0x0000020908ac7700, 0x0000020908ac4e80, 0x000002090923c450,
0x00000209090689e0, 0x0000020908ac3020, 0x0000020908ac4970, 0x0000020908ac9f80,
0x0000020908ac4460, 0x0000020908ac5390, 0x0000020908ac58a0, 0x0000020908aca490,
0x0000020908ac8120, 0x0000020908ac62c0, 0x0000020908ac67d0, 0x0000020908ac5db0,
0x0000020908ac3a40, 0x0000020908ac9050, 0x0000020908ac71f0, 0x0000020908aca9a0,
0x0000020908ac9a70, 0x0000020908ac8630, 0x0000020908ac3f50, 0x0000020908ac8b40,
0x0000020908ac9560
}

Java Threads: ( => current thread )
  0x000002096ba6da30 JavaThread "main" [_thread_blocked, id=28556, stack(0x000000108cd00000,0x000000108ce00000)]
  0x000002097f84d6f0 JavaThread "Reference Handler" daemon [_thread_blocked, id=13752, stack(0x000000108d000000,0x000000108d100000)]
  0x0000020906b17040 JavaThread "Finalizer" daemon [_thread_blocked, id=3472, stack(0x000000108d100000,0x000000108d200000)]
  0x0000020906b53010 JavaThread "Signal Dispatcher" daemon [_thread_blocked, id=816, stack(0x000000108d200000,0x000000108d300000)]
  0x0000020906b53a40 JavaThread "Attach Listener" daemon [_thread_blocked, id=3976, stack(0x000000108d300000,0x000000108d400000)]
  0x0000020906b55010 JavaThread "Service Thread" daemon [_thread_blocked, id=2588, stack(0x000000108d400000,0x000000108d500000)]
  0x0000020906b58400 JavaThread "Monitor Deflation Thread" daemon [_thread_blocked, id=2352, stack(0x000000108d500000,0x000000108d600000)]
  0x0000020906b68550 JavaThread "C2 CompilerThread0" daemon [_thread_in_native, id=23560, stack(0x000000108d600000,0x000000108d700000)]
  0x0000020906b71ab0 JavaThread "C1 CompilerThread0" daemon [_thread_in_native, id=28564, stack(0x000000108d700000,0x000000108d800000)]
  0x0000020906b71fd0 JavaThread "Sweeper thread" daemon [_thread_blocked, id=10164, stack(0x000000108d800000,0x000000108d900000)]
  0x0000020906ce63f0 JavaThread "Common-Cleaner" daemon [_thread_blocked, id=20380, stack(0x000000108d900000,0x000000108da00000)]
  0x0000020906ce7830 JavaThread "Notification Thread" daemon [_thread_blocked, id=3128, stack(0x000000108db00000,0x000000108dc00000)]
  0x0000020906ce54c0 JavaThread "Active Thread: Equinox Container: 38b579a4-a7ea-4918-a3ec-dbde760ef228" [_thread_blocked, id=23000, stack(0x000000108e400000,0x000000108e500000)]
  0x0000020906ce4590 JavaThread "Refresh Thread: Equinox Container: 38b579a4-a7ea-4918-a3ec-dbde760ef228" daemon [_thread_blocked, id=13088, stack(0x000000108da00000,0x000000108db00000)]
  0x0000020906ce4fb0 JavaThread "Framework Event Dispatcher: Equinox Container: 38b579a4-a7ea-4918-a3ec-dbde760ef228" daemon [_thread_blocked, id=22376, stack(0x000000108dd00000,0x000000108de00000)]
  0x0000020906ce7320 JavaThread "Start Level: Equinox Container: 38b579a4-a7ea-4918-a3ec-dbde760ef228" daemon [_thread_blocked, id=6340, stack(0x000000108e500000,0x000000108e600000)]
  0x0000020906ce59d0 JavaThread "Bundle File Closer" daemon [_thread_blocked, id=23508, stack(0x000000108e700000,0x000000108e800000)]
  0x0000020906ce4080 JavaThread "SCR Component Actor" daemon [_thread_blocked, id=28428, stack(0x000000108ea00000,0x000000108eb00000)]
  0x0000020906ce6900 JavaThread "SCR Component Registry" daemon [_thread_blocked, id=20216, stack(0x000000108eb00000,0x000000108ec00000)]
  0x0000020906ce4aa0 JavaThread "Worker-JM" [_thread_blocked, id=27096, stack(0x000000108ed00000,0x000000108ee00000)]
  0x0000020908ac6ce0 JavaThread "JNA Cleaner" daemon [_thread_blocked, id=8112, stack(0x000000108ec00000,0x000000108ed00000)]
  0x0000020908ac7700 JavaThread "Worker-0: Repository registry initialization" [_thread_blocked, id=2988, stack(0x000000108ee00000,0x000000108ef00000)]
  0x0000020908ac4e80 JavaThread "Worker-1: Building" [_thread_in_native, id=3304, stack(0x000000108ef00000,0x000000108f000000)]
=>0x000002090923c450 JavaThread "C2 CompilerThread1" daemon [_thread_in_native, id=24988, stack(0x000000108f000000,0x000000108f100000)]
  0x00000209090689e0 JavaThread "C2 CompilerThread2" daemon [_thread_in_native, id=15732, stack(0x000000108f100000,0x000000108f200000)]
  0x0000020908ac3020 JavaThread "Java indexing" daemon [_thread_in_Java, id=10640, stack(0x000000108f200000,0x000000108f300000)]
  0x0000020908ac4970 JavaThread "Thread-2" daemon [_thread_in_native, id=10700, stack(0x000000108f500000,0x000000108f600000)]
  0x0000020908ac9f80 JavaThread "Thread-3" daemon [_thread_in_native, id=12340, stack(0x000000108f600000,0x000000108f700000)]
  0x0000020908ac4460 JavaThread "Thread-4" daemon [_thread_in_native, id=4108, stack(0x000000108f700000,0x000000108f800000)]
  0x0000020908ac5390 JavaThread "Thread-5" daemon [_thread_in_native, id=22880, stack(0x000000108f800000,0x000000108f900000)]
  0x0000020908ac58a0 JavaThread "Thread-6" daemon [_thread_in_native, id=25872, stack(0x000000108f900000,0x000000108fa00000)]
  0x0000020908aca490 JavaThread "Thread-7" daemon [_thread_in_native, id=24068, stack(0x000000108fa00000,0x000000108fb00000)]
  0x0000020908ac8120 JavaThread "Thread-8" daemon [_thread_in_native, id=6516, stack(0x000000108fb00000,0x000000108fc00000)]
  0x0000020908ac62c0 JavaThread "Thread-9" daemon [_thread_in_native, id=27476, stack(0x000000108fc00000,0x000000108fd00000)]
  0x0000020908ac67d0 JavaThread "Thread-10" daemon [_thread_in_native, id=9576, stack(0x000000108fd00000,0x000000108fe00000)]
  0x0000020908ac5db0 JavaThread "Thread-11" daemon [_thread_in_native, id=25764, stack(0x000000108fe00000,0x000000108ff00000)]
  0x0000020908ac3a40 JavaThread "Thread-12" daemon [_thread_in_native, id=25624, stack(0x000000108ff00000,0x0000001090000000)]
  0x0000020908ac9050 JavaThread "Thread-13" daemon [_thread_in_native, id=16012, stack(0x0000001090000000,0x0000001090100000)]
  0x0000020908ac71f0 JavaThread "Thread-14" daemon [_thread_in_native, id=13264, stack(0x0000001090100000,0x0000001090200000)]
  0x0000020908aca9a0 JavaThread "pool-2-thread-1" [_thread_blocked, id=1124, stack(0x0000001090200000,0x0000001090300000)]
  0x0000020908ac9a70 JavaThread "Worker-2: Updating Maven Dependencies" [_thread_in_Java, id=23020, stack(0x0000001090300000,0x0000001090400000)]
  0x0000020908ac8630 JavaThread "Worker-3: Java indexing... " [_thread_blocked, id=2900, stack(0x0000001090400000,0x0000001090500000)]
  0x0000020908ac3f50 JavaThread "WorkspaceEventsHandler" [_thread_blocked, id=9680, stack(0x0000001090500000,0x0000001090600000)]
  0x0000020908ac8b40 JavaThread "pool-1-thread-1" [_thread_blocked, id=16100, stack(0x0000001090600000,0x0000001090700000)]
  0x0000020908ac9560 JavaThread "Worker-4" [_thread_blocked, id=20660, stack(0x0000001090700000,0x0000001090800000)]

Other Threads:
  0x000002097f848a10 VMThread "VM Thread" [stack: 0x000000108cf00000,0x000000108d000000] [id=13512]
  0x00000209081637f0 WatcherThread [stack: 0x000000108dc00000,0x000000108dd00000] [id=8484]
  0x000002096ba82bf0 GCTaskThread "GC Thread#0" [stack: 0x000000108ce00000,0x000000108cf00000] [id=26200]
  0x0000020908b06cc0 GCTaskThread "GC Thread#1" [stack: 0x000000108de00000,0x000000108df00000] [id=21232]
  0x000002090864d550 GCTaskThread "GC Thread#2" [stack: 0x000000108df00000,0x000000108e000000] [id=26676]
  0x000002090864db20 GCTaskThread "GC Thread#3" [stack: 0x000000108e000000,0x000000108e100000] [id=22144]
  0x00000209089c1bc0 GCTaskThread "GC Thread#4" [stack: 0x000000108e100000,0x000000108e200000] [id=19692]
  0x00000209089c1e80 GCTaskThread "GC Thread#5" [stack: 0x000000108e200000,0x000000108e300000] [id=18112]
  0x00000209084b4930 GCTaskThread "GC Thread#6" [stack: 0x000000108e300000,0x000000108e400000] [id=18360]
  0x0000020908956410 GCTaskThread "GC Thread#7" [stack: 0x000000108e600000,0x000000108e700000] [id=18816]
  0x000002090879b610 GCTaskThread "GC Thread#8" [stack: 0x000000108e800000,0x000000108e900000] [id=24728]
  0x000002090879b8d0 GCTaskThread "GC Thread#9" [stack: 0x000000108e900000,0x000000108ea00000] [id=19600]

Threads with active compile tasks:
C2 CompilerThread0    10952 4338   !   4       org.eclipse.osgi.internal.loader.classpath.ClasspathManager::findClassImpl (308 bytes)
C2 CompilerThread1    10952 4531       4       org.eclipse.osgi.internal.loader.ModuleClassLoader::toString (80 bytes)
C2 CompilerThread2    10953 4514       4       java.util.zip.ZipFile$Source::initCEN (591 bytes)

VM state: not at safepoint (normal execution)

VM Mutex/Monitor currently owned by a thread: None

Heap address: 0x00000000c0000000, size: 1024 MB, Compressed Oops mode: 32-bit

CDS archive(s) not mapped
Compressed class space mapped at: 0x0000000100000000-0x0000000140000000, reserved size: 1073741824
Narrow klass base: 0x0000000000000000, Narrow klass shift: 3, Narrow klass range: 0x140000000

GC Precious Log:
 CPUs: 12 total, 12 available
 Memory: 32619M
 Large Page Support: Disabled
 NUMA Support: Disabled
 Compressed Oops: Enabled (32-bit)
 Alignments: Space 512K, Generation 512K, Heap 2M
 Heap Min Capacity: 100M
 Heap Initial Capacity: 100M
 Heap Max Capacity: 1G
 Pre-touch: Disabled
 Parallel Workers: 10

Heap:
 PSYoungGen      total 25088K, used 8022K [0x00000000eab00000, 0x00000000ec680000, 0x0000000100000000)
  eden space 22016K, 23% used [0x00000000eab00000,0x00000000eaffe118,0x00000000ec080000)
  from space 3072K, 94% used [0x00000000ec180000,0x00000000ec457aa8,0x00000000ec480000)
  to   space 2048K, 0% used [0x00000000ec480000,0x00000000ec480000,0x00000000ec680000)
 ParOldGen       total 68608K, used 17632K [0x00000000c0000000, 0x00000000c4300000, 0x00000000eab00000)
  object space 68608K, 25% used [0x00000000c0000000,0x00000000c11382f0,0x00000000c4300000)
 Metaspace       used 44157K, committed 45056K, reserved 1114112K
  class space    used 4521K, committed 4928K, reserved 1048576K

Card table byte_map: [0x000002097f0e0000,0x000002097f2f0000] _byte_map_base: 0x000002097eae0000

Marking Bits: (ParMarkBitMap*) 0x00007ffa68236940
 Begin Bits: [0x0000020900000000, 0x0000020901000000)
 End Bits:   [0x0000020901000000, 0x0000020902000000)

Polling page: 0x000002096bb20000

Metaspace:

Usage:
  Non-class:     38.71 MB used.
      Class:      4.42 MB used.
       Both:     43.12 MB used.

Virtual space:
  Non-class space:       64.00 MB reserved,      39.19 MB ( 61%) committed,  1 nodes.
      Class space:        1.00 GB reserved,       4.81 MB ( <1%) committed,  1 nodes.
             Both:        1.06 GB reserved,      44.00 MB (  4%) committed. 

Chunk freelists:
   Non-Class:  7.56 MB
       Class:  11.14 MB
        Both:  18.70 MB

MaxMetaspaceSize: unlimited
CompressedClassSpaceSize: 1.00 GB
Initial GC threshold: 21.00 MB
Current GC threshold: 58.38 MB
CDS: off
MetaspaceReclaimPolicy: balanced
 - commit_granule_bytes: 65536.
 - commit_granule_words: 8192.
 - virtual_space_node_default_size: 8388608.
 - enlarge_chunks_in_place: 1.
 - new_chunks_are_fully_committed: 0.
 - uncommit_free_chunks: 1.
 - use_allocation_guard: 0.
 - handle_deallocations: 1.


Internal statistics:

num_allocs_failed_limit: 6.
num_arena_births: 538.
num_arena_deaths: 14.
num_vsnodes_births: 2.
num_vsnodes_deaths: 0.
num_space_committed: 704.
num_space_uncommitted: 0.
num_chunks_returned_to_freelist: 20.
num_chunks_taken_from_freelist: 2099.
num_chunk_merges: 8.
num_chunk_splits: 1321.
num_chunks_enlarged: 804.
num_inconsistent_stats: 0.

CodeHeap 'non-profiled nmethods': size=120000Kb used=2221Kb max_used=2221Kb free=117778Kb
 bounds [0x00000209779d0000, 0x0000020977c40000, 0x000002097ef00000]
CodeHeap 'profiled nmethods': size=120000Kb used=9596Kb max_used=9596Kb free=110403Kb
 bounds [0x000002096ff00000, 0x0000020970860000, 0x0000020977430000]
CodeHeap 'non-nmethods': size=5760Kb used=1304Kb max_used=1336Kb free=4455Kb
 bounds [0x0000020977430000, 0x00000209776a0000, 0x00000209779d0000]
 total_blobs=5244 nmethods=4605 adapters=552
 compilation: enabled
              stopped_count=0, restarted_count=0
 full_count=0

Compilation events (20 events):
Event: 10.904 Thread 0x0000020906b71ab0 4554       3       jdk.internal.util.ArraysSupport::mismatch (72 bytes)
Event: 10.905 Thread 0x0000020906b71ab0 nmethod 4554 0x000002097083c290 code [0x000002097083c460, 0x000002097083c858]
Event: 10.905 Thread 0x0000020906b71ab0 4556   !   3       java.lang.invoke.MethodHandles$Lookup::canBeCached (150 bytes)
Event: 10.907 Thread 0x0000020906b71ab0 nmethod 4556 0x000002097083ca90 code [0x000002097083cee0, 0x000002097083f168]
Event: 10.907 Thread 0x0000020906b71ab0 4557       3       org.eclipse.jdt.core.compiler.CharOperation::lastIndexOf (24 bytes)
Event: 10.907 Thread 0x0000020906b71ab0 nmethod 4557 0x000002097083fd90 code [0x000002097083ff40, 0x0000020970840178]
Event: 10.907 Thread 0x0000020906b71ab0 4559       3       org.eclipse.jdt.internal.compiler.util.HashtableOfObject::get (56 bytes)
Event: 10.908 Thread 0x0000020906b71ab0 nmethod 4559 0x0000020970840290 code [0x0000020970840480, 0x00000209708408b8]
Event: 10.908 Thread 0x0000020906b71ab0 4558       3       org.eclipse.jdt.core.search.SearchDocument::getContainerRelativePath (27 bytes)
Event: 10.908 Thread 0x0000020906b71ab0 nmethod 4558 0x0000020970840b10 code [0x0000020970840cc0, 0x0000020970840e88]
Event: 10.908 Thread 0x0000020906b71ab0 4560       3       org.eclipse.jdt.internal.core.search.indexing.AbstractIndexer::addIndexEntry (10 bytes)
Event: 10.908 Thread 0x0000020906b71ab0 nmethod 4560 0x0000020970840f90 code [0x0000020970841160, 0x0000020970841598]
Event: 10.908 Thread 0x0000020906b71ab0 4561       3       org.eclipse.jdt.core.search.SearchDocument::addIndexEntry (21 bytes)
Event: 10.909 Thread 0x0000020906b71ab0 nmethod 4561 0x0000020970841810 code [0x00000209708419e0, 0x0000020970841d18]
Event: 10.909 Thread 0x0000020906b71ab0 4563       3       org.eclipse.jdt.internal.core.index.Index::addIndexEntry (11 bytes)
Event: 10.909 Thread 0x0000020906b71ab0 nmethod 4563 0x0000020970841f10 code [0x00000209708420c0, 0x0000020970842208]
Event: 10.909 Thread 0x0000020906b71ab0 4564       3       org.eclipse.jdt.internal.core.index.MemoryIndex::addIndexEntry (118 bytes)
Event: 10.909 Thread 0x0000020906b71ab0 nmethod 4564 0x0000020970842310 code [0x0000020970842540, 0x0000020970842c48]
Event: 10.916 Thread 0x0000020906b71ab0 4566       3       org.eclipse.jdt.internal.core.ExternalFoldersManager::getFolder (14 bytes)
Event: 10.917 Thread 0x0000020906b71ab0 nmethod 4566 0x0000020970842f90 code [0x0000020970843140, 0x0000020970843458]

GC Heap History (20 events):
Event: 8.693 GC heap before
{Heap before GC invocations=6 (full 1):
 PSYoungGen      total 29696K, used 4078K [0x00000000eab00000, 0x00000000ece00000, 0x0000000100000000)
  eden space 25600K, 0% used [0x00000000eab00000,0x00000000eab00000,0x00000000ec400000)
  from space 4096K, 99% used [0x00000000ec400000,0x00000000ec7fb9c8,0x00000000ec800000)
  to   space 5120K, 0% used [0x00000000ec900000,0x00000000ec900000,0x00000000ece00000)
 ParOldGen       total 68608K, used 6802K [0x00000000c0000000, 0x00000000c4300000, 0x00000000eab00000)
  object space 68608K, 9% used [0x00000000c0000000,0x00000000c06a48e0,0x00000000c4300000)
 Metaspace       used 21107K, committed 21504K, reserved 1114112K
  class space    used 2124K, committed 2304K, reserved 1048576K
}
Event: 8.715 GC heap after
{Heap after GC invocations=6 (full 1):
 PSYoungGen      total 29696K, used 0K [0x00000000eab00000, 0x00000000ece00000, 0x0000000100000000)
  eden space 25600K, 0% used [0x00000000eab00000,0x00000000eab00000,0x00000000ec400000)
  from space 4096K, 0% used [0x00000000ec400000,0x00000000ec400000,0x00000000ec800000)
  to   space 5120K, 0% used [0x00000000ec900000,0x00000000ec900000,0x00000000ece00000)
 ParOldGen       total 68608K, used 10577K [0x00000000c0000000, 0x00000000c4300000, 0x00000000eab00000)
  object space 68608K, 15% used [0x00000000c0000000,0x00000000c0a545b0,0x00000000c4300000)
 Metaspace       used 21107K, committed 21504K, reserved 1114112K
  class space    used 2124K, committed 2304K, reserved 1048576K
}
Event: 9.257 GC heap before
{Heap before GC invocations=7 (full 1):
 PSYoungGen      total 29696K, used 25600K [0x00000000eab00000, 0x00000000ece00000, 0x0000000100000000)
  eden space 25600K, 100% used [0x00000000eab00000,0x00000000ec400000,0x00000000ec400000)
  from space 4096K, 0% used [0x00000000ec400000,0x00000000ec400000,0x00000000ec800000)
  to   space 5120K, 0% used [0x00000000ec900000,0x00000000ec900000,0x00000000ece00000)
 ParOldGen       total 68608K, used 10577K [0x00000000c0000000, 0x00000000c4300000, 0x00000000eab00000)
  object space 68608K, 15% used [0x00000000c0000000,0x00000000c0a545b0,0x00000000c4300000)
 Metaspace       used 25010K, committed 25600K, reserved 1114112K
  class space    used 2541K, committed 2816K, reserved 1048576K
}
Event: 9.259 GC heap after
{Heap after GC invocations=7 (full 1):
 PSYoungGen      total 26624K, used 1315K [0x00000000eab00000, 0x00000000eca80000, 0x0000000100000000)
  eden space 25088K, 0% used [0x00000000eab00000,0x00000000eab00000,0x00000000ec380000)
  from space 1536K, 85% used [0x00000000ec900000,0x00000000eca48e70,0x00000000eca80000)
  to   space 2560K, 0% used [0x00000000ec580000,0x00000000ec580000,0x00000000ec800000)
 ParOldGen       total 68608K, used 10585K [0x00000000c0000000, 0x00000000c4300000, 0x00000000eab00000)
  object space 68608K, 15% used [0x00000000c0000000,0x00000000c0a565b0,0x00000000c4300000)
 Metaspace       used 25010K, committed 25600K, reserved 1114112K
  class space    used 2541K, committed 2816K, reserved 1048576K
}
Event: 9.703 GC heap before
{Heap before GC invocations=8 (full 1):
 PSYoungGen      total 26624K, used 26403K [0x00000000eab00000, 0x00000000eca80000, 0x0000000100000000)
  eden space 25088K, 100% used [0x00000000eab00000,0x00000000ec380000,0x00000000ec380000)
  from space 1536K, 85% used [0x00000000ec900000,0x00000000eca48e70,0x00000000eca80000)
  to   space 2560K, 0% used [0x00000000ec580000,0x00000000ec580000,0x00000000ec800000)
 ParOldGen       total 68608K, used 10585K [0x00000000c0000000, 0x00000000c4300000, 0x00000000eab00000)
  object space 68608K, 15% used [0x00000000c0000000,0x00000000c0a565b0,0x00000000c4300000)
 Metaspace       used 27616K, committed 28288K, reserved 1114112K
  class space    used 2837K, committed 3136K, reserved 1048576K
}
Event: 9.704 GC heap after
{Heap after GC invocations=8 (full 1):
 PSYoungGen      total 27136K, used 2558K [0x00000000eab00000, 0x00000000eca00000, 0x0000000100000000)
  eden space 24576K, 0% used [0x00000000eab00000,0x00000000eab00000,0x00000000ec300000)
  from space 2560K, 99% used [0x00000000ec580000,0x00000000ec7ff850,0x00000000ec800000)
  to   space 2048K, 0% used [0x00000000ec800000,0x00000000ec800000,0x00000000eca00000)
 ParOldGen       total 68608K, used 10913K [0x00000000c0000000, 0x00000000c4300000, 0x00000000eab00000)
  object space 68608K, 15% used [0x00000000c0000000,0x00000000c0aa85b0,0x00000000c4300000)
 Metaspace       used 27616K, committed 28288K, reserved 1114112K
  class space    used 2837K, committed 3136K, reserved 1048576K
}
Event: 9.879 GC heap before
{Heap before GC invocations=9 (full 1):
 PSYoungGen      total 27136K, used 27134K [0x00000000eab00000, 0x00000000eca00000, 0x0000000100000000)
  eden space 24576K, 100% used [0x00000000eab00000,0x00000000ec300000,0x00000000ec300000)
  from space 2560K, 99% used [0x00000000ec580000,0x00000000ec7ff850,0x00000000ec800000)
  to   space 2048K, 0% used [0x00000000ec800000,0x00000000ec800000,0x00000000eca00000)
 ParOldGen       total 68608K, used 10913K [0x00000000c0000000, 0x00000000c4300000, 0x00000000eab00000)
  object space 68608K, 15% used [0x00000000c0000000,0x00000000c0aa85b0,0x00000000c4300000)
 Metaspace       used 30275K, committed 30912K, reserved 1114112K
  class space    used 3011K, committed 3264K, reserved 1048576K
}
Event: 9.880 GC heap after
{Heap after GC invocations=9 (full 1):
 PSYoungGen      total 26112K, used 2042K [0x00000000eab00000, 0x00000000eca00000, 0x0000000100000000)
  eden space 24064K, 0% used [0x00000000eab00000,0x00000000eab00000,0x00000000ec280000)
  from space 2048K, 99% used [0x00000000ec800000,0x00000000ec9feb30,0x00000000eca00000)
  to   space 3072K, 0% used [0x00000000ec400000,0x00000000ec400000,0x00000000ec700000)
 ParOldGen       total 68608K, used 11729K [0x00000000c0000000, 0x00000000c4300000, 0x00000000eab00000)
  object space 68608K, 17% used [0x00000000c0000000,0x00000000c0b745c0,0x00000000c4300000)
 Metaspace       used 30275K, committed 30912K, reserved 1114112K
  class space    used 3011K, committed 3264K, reserved 1048576K
}
Event: 10.088 GC heap before
{Heap before GC invocations=10 (full 1):
 PSYoungGen      total 26112K, used 26106K [0x00000000eab00000, 0x00000000eca00000, 0x0000000100000000)
  eden space 24064K, 100% used [0x00000000eab00000,0x00000000ec280000,0x00000000ec280000)
  from space 2048K, 99% used [0x00000000ec800000,0x00000000ec9feb30,0x00000000eca00000)
  to   space 3072K, 0% used [0x00000000ec400000,0x00000000ec400000,0x00000000ec700000)
 ParOldGen       total 68608K, used 11729K [0x00000000c0000000, 0x00000000c4300000, 0x00000000eab00000)
  object space 68608K, 17% used [0x00000000c0000000,0x00000000c0b745c0,0x00000000c4300000)
 Metaspace       used 33222K, committed 33856K, reserved 1114112K
  class space    used 3245K, committed 3520K, reserved 1048576K
}
Event: 10.090 GC heap after
{Heap after GC invocations=10 (full 1):
 PSYoungGen      total 26624K, used 2748K [0x00000000eab00000, 0x00000000ec880000, 0x0000000100000000)
  eden space 23552K, 0% used [0x00000000eab00000,0x00000000eab00000,0x00000000ec200000)
  from space 3072K, 89% used [0x00000000ec400000,0x00000000ec6af270,0x00000000ec700000)
  to   space 1536K, 0% used [0x00000000ec700000,0x00000000ec700000,0x00000000ec880000)
 ParOldGen       total 68608K, used 13084K [0x00000000c0000000, 0x00000000c4300000, 0x00000000eab00000)
  object space 68608K, 19% used [0x00000000c0000000,0x00000000c0cc7198,0x00000000c4300000)
 Metaspace       used 33222K, committed 33856K, reserved 1114112K
  class space    used 3245K, committed 3520K, reserved 1048576K
}
Event: 10.341 GC heap before
{Heap before GC invocations=11 (full 1):
 PSYoungGen      total 26624K, used 25217K [0x00000000eab00000, 0x00000000ec880000, 0x0000000100000000)
  eden space 23552K, 95% used [0x00000000eab00000,0x00000000ec0f11c0,0x00000000ec200000)
  from space 3072K, 89% used [0x00000000ec400000,0x00000000ec6af270,0x00000000ec700000)
  to   space 1536K, 0% used [0x00000000ec700000,0x00000000ec700000,0x00000000ec880000)
 ParOldGen       total 68608K, used 13084K [0x00000000c0000000, 0x00000000c4300000, 0x00000000eab00000)
  object space 68608K, 19% used [0x00000000c0000000,0x00000000c0cc7198,0x00000000c4300000)
 Metaspace       used 35158K, committed 35840K, reserved 1114112K
  class space    used 3417K, committed 3712K, reserved 1048576K
}
Event: 10.343 GC heap after
{Heap after GC invocations=11 (full 1):
 PSYoungGen      total 25088K, used 1316K [0x00000000eab00000, 0x00000000ec880000, 0x0000000100000000)
  eden space 23552K, 0% used [0x00000000eab00000,0x00000000eab00000,0x00000000ec200000)
  from space 1536K, 85% used [0x00000000ec700000,0x00000000ec8491b8,0x00000000ec880000)
  to   space 2048K, 0% used [0x00000000ec480000,0x00000000ec480000,0x00000000ec680000)
 ParOldGen       total 68608K, used 15358K [0x00000000c0000000, 0x00000000c4300000, 0x00000000eab00000)
  object space 68608K, 22% used [0x00000000c0000000,0x00000000c0eff8a0,0x00000000c4300000)
 Metaspace       used 35158K, committed 35840K, reserved 1114112K
  class space    used 3417K, committed 3712K, reserved 1048576K
}
Event: 10.343 GC heap before
{Heap before GC invocations=12 (full 2):
 PSYoungGen      total 25088K, used 1316K [0x00000000eab00000, 0x00000000ec880000, 0x0000000100000000)
  eden space 23552K, 0% used [0x00000000eab00000,0x00000000eab00000,0x00000000ec200000)
  from space 1536K, 85% used [0x00000000ec700000,0x00000000ec8491b8,0x00000000ec880000)
  to   space 2048K, 0% used [0x00000000ec480000,0x00000000ec480000,0x00000000ec680000)
 ParOldGen       total 68608K, used 15358K [0x00000000c0000000, 0x00000000c4300000, 0x00000000eab00000)
  object space 68608K, 22% used [0x00000000c0000000,0x00000000c0eff8a0,0x00000000c4300000)
 Metaspace       used 35158K, committed 35840K, reserved 1114112K
  class space    used 3417K, committed 3712K, reserved 1048576K
}
Event: 10.367 GC heap after
{Heap after GC invocations=12 (full 2):
 PSYoungGen      total 25088K, used 0K [0x00000000eab00000, 0x00000000ec880000, 0x0000000100000000)
  eden space 23552K, 0% used [0x00000000eab00000,0x00000000eab00000,0x00000000ec200000)
  from space 1536K, 0% used [0x00000000ec700000,0x00000000ec700000,0x00000000ec880000)
  to   space 2048K, 0% used [0x00000000ec480000,0x00000000ec480000,0x00000000ec680000)
 ParOldGen       total 68608K, used 15108K [0x00000000c0000000, 0x00000000c4300000, 0x00000000eab00000)
  object space 68608K, 22% used [0x00000000c0000000,0x00000000c0ec1370,0x00000000c4300000)
 Metaspace       used 35145K, committed 35840K, reserved 1114112K
  class space    used 3413K, committed 3712K, reserved 1048576K
}
Event: 10.657 GC heap before
{Heap before GC invocations=13 (full 2):
 PSYoungGen      total 25088K, used 23552K [0x00000000eab00000, 0x00000000ec880000, 0x0000000100000000)
  eden space 23552K, 100% used [0x00000000eab00000,0x00000000ec200000,0x00000000ec200000)
  from space 1536K, 0% used [0x00000000ec700000,0x00000000ec700000,0x00000000ec880000)
  to   space 2048K, 0% used [0x00000000ec480000,0x00000000ec480000,0x00000000ec680000)
 ParOldGen       total 68608K, used 15108K [0x00000000c0000000, 0x00000000c4300000, 0x00000000eab00000)
  object space 68608K, 22% used [0x00000000c0000000,0x00000000c0ec1370,0x00000000c4300000)
 Metaspace       used 38330K, committed 39168K, reserved 1114112K
  class space    used 3813K, committed 4160K, reserved 1048576K
}
Event: 10.658 GC heap after
{Heap after GC invocations=13 (full 2):
 PSYoungGen      total 24576K, used 1169K [0x00000000eab00000, 0x00000000ec780000, 0x0000000100000000)
  eden space 23040K, 0% used [0x00000000eab00000,0x00000000eab00000,0x00000000ec180000)
  from space 1536K, 76% used [0x00000000ec480000,0x00000000ec5a47c8,0x00000000ec600000)
  to   space 1536K, 0% used [0x00000000ec600000,0x00000000ec600000,0x00000000ec780000)
 ParOldGen       total 68608K, used 15116K [0x00000000c0000000, 0x00000000c4300000, 0x00000000eab00000)
  object space 68608K, 22% used [0x00000000c0000000,0x00000000c0ec3370,0x00000000c4300000)
 Metaspace       used 38330K, committed 39168K, reserved 1114112K
  class space    used 3813K, committed 4160K, reserved 1048576K
}
Event: 10.799 GC heap before
{Heap before GC invocations=14 (full 2):
 PSYoungGen      total 24576K, used 24209K [0x00000000eab00000, 0x00000000ec780000, 0x0000000100000000)
  eden space 23040K, 100% used [0x00000000eab00000,0x00000000ec180000,0x00000000ec180000)
  from space 1536K, 76% used [0x00000000ec480000,0x00000000ec5a47c8,0x00000000ec600000)
  to   space 1536K, 0% used [0x00000000ec600000,0x00000000ec600000,0x00000000ec780000)
 ParOldGen       total 68608K, used 15116K [0x00000000c0000000, 0x00000000c4300000, 0x00000000eab00000)
  object space 68608K, 22% used [0x00000000c0000000,0x00000000c0ec3370,0x00000000c4300000)
 Metaspace       used 41188K, committed 42112K, reserved 1114112K
  class space    used 4162K, committed 4544K, reserved 1048576K
}
Event: 10.801 GC heap after
{Heap after GC invocations=14 (full 2):
 PSYoungGen      total 24064K, used 1524K [0x00000000eab00000, 0x00000000ec780000, 0x0000000100000000)
  eden space 22528K, 0% used [0x00000000eab00000,0x00000000eab00000,0x00000000ec100000)
  from space 1536K, 99% used [0x00000000ec600000,0x00000000ec77d2a0,0x00000000ec780000)
  to   space 3072K, 0% used [0x00000000ec180000,0x00000000ec180000,0x00000000ec480000)
 ParOldGen       total 68608K, used 16323K [0x00000000c0000000, 0x00000000c4300000, 0x00000000eab00000)
  object space 68608K, 23% used [0x00000000c0000000,0x00000000c0ff0de0,0x00000000c4300000)
 Metaspace       used 41188K, committed 42112K, reserved 1114112K
  class space    used 4162K, committed 4544K, reserved 1048576K
}
Event: 10.910 GC heap before
{Heap before GC invocations=15 (full 2):
 PSYoungGen      total 24064K, used 24011K [0x00000000eab00000, 0x00000000ec780000, 0x0000000100000000)
  eden space 22528K, 99% used [0x00000000eab00000,0x00000000ec0f5b30,0x00000000ec100000)
  from space 1536K, 99% used [0x00000000ec600000,0x00000000ec77d2a0,0x00000000ec780000)
  to   space 3072K, 0% used [0x00000000ec180000,0x00000000ec180000,0x00000000ec480000)
 ParOldGen       total 68608K, used 16323K [0x00000000c0000000, 0x00000000c4300000, 0x00000000eab00000)
  object space 68608K, 23% used [0x00000000c0000000,0x00000000c0ff0de0,0x00000000c4300000)
 Metaspace       used 43562K, committed 44480K, reserved 1114112K
  class space    used 4434K, committed 4864K, reserved 1048576K
}
Event: 10.912 GC heap after
{Heap after GC invocations=15 (full 2):
 PSYoungGen      total 25088K, used 2910K [0x00000000eab00000, 0x00000000ec680000, 0x0000000100000000)
  eden space 22016K, 0% used [0x00000000eab00000,0x00000000eab00000,0x00000000ec080000)
  from space 3072K, 94% used [0x00000000ec180000,0x00000000ec457aa8,0x00000000ec480000)
  to   space 2048K, 0% used [0x00000000ec480000,0x00000000ec480000,0x00000000ec680000)
 ParOldGen       total 68608K, used 17632K [0x00000000c0000000, 0x00000000c4300000, 0x00000000eab00000)
  object space 68608K, 25% used [0x00000000c0000000,0x00000000c11382f0,0x00000000c4300000)
 Metaspace       used 43562K, committed 44480K, reserved 1114112K
  class space    used 4434K, committed 4864K, reserved 1048576K
}

Dll operation events (10 events):
Event: 0.007 Loaded shared library c:\Users\PATRICK\.vscode\extensions\redhat.java-1.37.0-win32-x64\jre\17.0.13-win32-x86_64\bin\java.dll
Event: 0.123 Loaded shared library c:\Users\PATRICK\.vscode\extensions\redhat.java-1.37.0-win32-x64\jre\17.0.13-win32-x86_64\bin\zip.dll
Event: 0.125 Loaded shared library C:\Users\PATRICK\.vscode\extensions\redhat.java-1.37.0-win32-x64\jre\17.0.13-win32-x86_64\bin\instrument.dll
Event: 0.136 Loaded shared library C:\Users\PATRICK\.vscode\extensions\redhat.java-1.37.0-win32-x64\jre\17.0.13-win32-x86_64\bin\net.dll
Event: 0.137 Loaded shared library C:\Users\PATRICK\.vscode\extensions\redhat.java-1.37.0-win32-x64\jre\17.0.13-win32-x86_64\bin\nio.dll
Event: 0.142 Loaded shared library C:\Users\PATRICK\.vscode\extensions\redhat.java-1.37.0-win32-x64\jre\17.0.13-win32-x86_64\bin\zip.dll
Event: 0.157 Loaded shared library C:\Users\PATRICK\.vscode\extensions\redhat.java-1.37.0-win32-x64\jre\17.0.13-win32-x86_64\bin\jimage.dll
Event: 0.210 Loaded shared library c:\Users\PATRICK\.vscode\extensions\redhat.java-1.37.0-win32-x64\jre\17.0.13-win32-x86_64\bin\verify.dll
Event: 2.645 Loaded shared library C:\Users\PATRICK\AppData\Roaming\Code\User\globalStorage\redhat.java\1.37.0\config_win\org.eclipse.equinox.launcher\org.eclipse.equinox.launcher.win32.win32.x86_64_1.2.1100.v20240722-2106\eclipse_11904.dll
Event: 9.102 Loaded shared library C:\Users\PATRICK\AppData\Local\Temp\jna--73163806\jna4154412947560831033.dll

Deoptimization events (20 events):
Event: 10.755 Thread 0x000002096ba6da30 Uncommon trap: trap_request=0xffffff45 fr.pc=0x0000020977accd34 relative=0x0000000000000114
Event: 10.755 Thread 0x000002096ba6da30 Uncommon trap: reason=unstable_if action=reinterpret pc=0x0000020977accd34 method=jdk.internal.org.objectweb.asm.SymbolTable.put(Ljdk/internal/org/objectweb/asm/SymbolTable$Entry;)Ljdk/internal/org/objectweb/asm/SymbolTable$Entry; @ 13 c2
Event: 10.755 Thread 0x000002096ba6da30 DEOPT PACKING pc=0x0000020977accd34 sp=0x000000108cdfd670
Event: 10.755 Thread 0x000002096ba6da30 DEOPT UNPACKING pc=0x00000209774866a3 sp=0x000000108cdfd5d0 mode 2
Event: 10.775 Thread 0x000002096ba6da30 Uncommon trap: trap_request=0xffffff45 fr.pc=0x0000020977b06414 relative=0x00000000000000f4
Event: 10.775 Thread 0x000002096ba6da30 Uncommon trap: reason=unstable_if action=reinterpret pc=0x0000020977b06414 method=java.lang.CharacterDataLatin1.digit(II)I @ 7 c2
Event: 10.775 Thread 0x000002096ba6da30 DEOPT PACKING pc=0x0000020977b06414 sp=0x000000108cdfdac0
Event: 10.775 Thread 0x000002096ba6da30 DEOPT UNPACKING pc=0x00000209774866a3 sp=0x000000108cdfd980 mode 2
Event: 10.775 Thread 0x000002096ba6da30 Uncommon trap: trap_request=0xffffff45 fr.pc=0x00000209779fe934 relative=0x0000000000000094
Event: 10.775 Thread 0x000002096ba6da30 Uncommon trap: reason=unstable_if action=reinterpret pc=0x00000209779fe934 method=java.lang.CharacterDataLatin1.digit(II)I @ 7 c2
Event: 10.775 Thread 0x000002096ba6da30 DEOPT PACKING pc=0x00000209779fe934 sp=0x000000108cdfda20
Event: 10.775 Thread 0x000002096ba6da30 DEOPT UNPACKING pc=0x00000209774866a3 sp=0x000000108cdfd9a0 mode 2
Event: 10.853 Thread 0x0000020908ac3020 DEOPT PACKING pc=0x0000020970241037 sp=0x000000108f2fe8d0
Event: 10.853 Thread 0x0000020908ac3020 DEOPT UNPACKING pc=0x0000020977486e43 sp=0x000000108f2fdd58 mode 0
Event: 10.853 Thread 0x0000020908ac3020 DEOPT PACKING pc=0x000002097024d83f sp=0x000000108f2fe910
Event: 10.853 Thread 0x0000020908ac3020 DEOPT UNPACKING pc=0x0000020977486e43 sp=0x000000108f2fde90 mode 0
Event: 10.877 Thread 0x0000020908ac3020 Uncommon trap: trap_request=0xffffff45 fr.pc=0x0000020977b03728 relative=0x0000000000000208
Event: 10.877 Thread 0x0000020908ac3020 Uncommon trap: reason=unstable_if action=reinterpret pc=0x0000020977b03728 method=java.net.URI$Parser.scan(IIJJ)I @ 42 c2
Event: 10.877 Thread 0x0000020908ac3020 DEOPT PACKING pc=0x0000020977b03728 sp=0x000000108f2fe6c0
Event: 10.877 Thread 0x0000020908ac3020 DEOPT UNPACKING pc=0x00000209774866a3 sp=0x000000108f2fe640 mode 2

Classes loaded (20 events):
Event: 10.901 Loading class sun/reflect/annotation/TypeAnnotationParser
Event: 10.902 Loading class sun/reflect/annotation/TypeAnnotationParser done
Event: 10.902 Loading class sun/reflect/annotation/TypeAnnotation
Event: 10.902 Loading class sun/reflect/annotation/TypeAnnotation done
Event: 10.902 Loading class sun/reflect/annotation/TypeAnnotation$TypeAnnotationTarget
Event: 10.902 Loading class sun/reflect/annotation/TypeAnnotation$TypeAnnotationTarget done
Event: 10.902 Loading class sun/reflect/annotation/TypeAnnotation$LocationInfo
Event: 10.902 Loading class sun/reflect/annotation/TypeAnnotation$LocationInfo done
Event: 10.902 Loading class sun/reflect/annotation/TypeAnnotation$LocationInfo$Location
Event: 10.902 Loading class sun/reflect/annotation/TypeAnnotation$LocationInfo$Location done
Event: 10.903 Loading class sun/reflect/annotation/AnnotatedTypeFactory
Event: 10.903 Loading class sun/reflect/annotation/AnnotatedTypeFactory done
Event: 10.903 Loading class sun/reflect/annotation/AnnotatedTypeFactory$AnnotatedTypeBaseImpl
Event: 10.903 Loading class sun/reflect/annotation/AnnotatedTypeFactory$AnnotatedTypeBaseImpl done
Event: 10.903 Loading class java/util/stream/Streams$ConcatSpliterator$OfRef
Event: 10.903 Loading class java/util/stream/Streams$ConcatSpliterator
Event: 10.904 Loading class java/util/stream/Streams$ConcatSpliterator done
Event: 10.904 Loading class java/util/stream/Streams$ConcatSpliterator$OfRef done
Event: 10.904 Loading class java/util/stream/Streams$2
Event: 10.904 Loading class java/util/stream/Streams$2 done

Classes unloaded (7 events):
Event: 10.347 Thread 0x000002097f848a10 Unloading class 0x0000000100258000 'java/lang/invoke/LambdaForm$MH+0x0000000100258000'
Event: 10.347 Thread 0x000002097f848a10 Unloading class 0x0000000100253c00 'java/lang/invoke/LambdaForm$MH+0x0000000100253c00'
Event: 10.347 Thread 0x000002097f848a10 Unloading class 0x0000000100253800 'java/lang/invoke/LambdaForm$MH+0x0000000100253800'
Event: 10.347 Thread 0x000002097f848a10 Unloading class 0x0000000100253400 'java/lang/invoke/LambdaForm$MH+0x0000000100253400'
Event: 10.347 Thread 0x000002097f848a10 Unloading class 0x0000000100253000 'java/lang/invoke/LambdaForm$BMH+0x0000000100253000'
Event: 10.347 Thread 0x000002097f848a10 Unloading class 0x0000000100252c00 'java/lang/invoke/LambdaForm$DMH+0x0000000100252c00'
Event: 10.347 Thread 0x000002097f848a10 Unloading class 0x0000000100250400 'java/lang/invoke/LambdaForm$DMH+0x0000000100250400'

Classes redefined (0 events):
No events

Internal exceptions (20 events):
Event: 10.726 Thread 0x0000020908ac7700 Exception <a 'java/lang/NoSuchMethodError'{0x00000000eb6239f0}: 'int java.lang.invoke.DirectMethodHandle$Holder.invokeStaticInit(java.lang.Object, long, long)'> (0x00000000eb6239f0) 
thrown [s\src\hotspot\share\interpreter\linkResolver.cpp, line 759]
Event: 10.726 Thread 0x0000020908ac7700 Exception <a 'java/lang/NoSuchMethodError'{0x00000000eb648640}: 'int java.lang.invoke.DirectMethodHandle$Holder.invokeStaticInit(java.lang.Object, float, float)'> (0x00000000eb648640) 
thrown [s\src\hotspot\share\interpreter\linkResolver.cpp, line 759]
Event: 10.726 Thread 0x0000020908ac7700 Exception <a 'java/lang/NoSuchMethodError'{0x00000000eb64fba8}: 'int java.lang.invoke.DirectMethodHandle$Holder.invokeStaticInit(java.lang.Object, double, double)'> (0x00000000eb64fba8) 
thrown [s\src\hotspot\share\interpreter\linkResolver.cpp, line 759]
Event: 10.727 Thread 0x0000020908ac7700 Exception <a 'java/lang/NoSuchMethodError'{0x00000000eb666258}: 'int java.lang.invoke.DirectMethodHandle$Holder.invokeStatic(java.lang.Object, long)'> (0x00000000eb666258) 
thrown [s\src\hotspot\share\interpreter\linkResolver.cpp, line 759]
Event: 10.729 Thread 0x0000020908ac7700 Exception <a 'java/lang/NoSuchMethodError'{0x00000000eb7059b8}: 'int java.lang.invoke.Invokers$Holder.linkToTargetMethod(java.lang.Object, java.lang.Object)'> (0x00000000eb7059b8) 
thrown [s\src\hotspot\share\interpreter\linkResolver.cpp, line 759]
Event: 10.729 Thread 0x0000020908ac9a70 Exception <a 'java/lang/NoSuchMethodError'{0x00000000eb6fa118}: 'int java.lang.invoke.Invokers$Holder.linkToTargetMethod(java.lang.Object, java.lang.Object)'> (0x00000000eb6fa118) 
thrown [s\src\hotspot\share\interpreter\linkResolver.cpp, line 759]
Event: 10.730 Thread 0x0000020908ac7700 Exception <a 'java/lang/NoSuchMethodError'{0x00000000eb7388d8}: 'int java.lang.invoke.DirectMethodHandle$Holder.invokeSpecial(java.lang.Object, java.lang.Object, java.lang.Object, java.lang.Object)'> (0x00000000eb7388d8) 
thrown [s\src\hotspot\share\interpreter\linkResolver.cpp, line 759]
Event: 10.733 Thread 0x0000020908ac7700 Exception <a 'java/lang/NoSuchMethodError'{0x00000000eb7cb568}: 'java.lang.Object java.lang.invoke.DirectMethodHandle$Holder.invokeStatic(java.lang.Object, int, java.lang.Object, java.lang.Object)'> (0x00000000eb7cb568) 
thrown [s\src\hotspot\share\interpreter\linkResolver.cpp, line 759]
Event: 10.733 Thread 0x0000020908ac7700 Exception <a 'java/lang/NoSuchMethodError'{0x00000000eb809518}: 'java.lang.Object java.lang.invoke.DelegatingMethodHandle$Holder.delegate(java.lang.Object, int, java.lang.Object, java.lang.Object)'> (0x00000000eb809518) 
thrown [s\src\hotspot\share\interpreter\linkResolver.cpp, line 759]
Event: 10.737 Thread 0x0000020908ac7700 Exception <a 'java/lang/NoSuchMethodError'{0x00000000eb8bd620}: 'int java.lang.invoke.Invokers$Holder.linkToTargetMethod(java.lang.Object, java.lang.Object, java.lang.Object)'> (0x00000000eb8bd620) 
thrown [s\src\hotspot\share\interpreter\linkResolver.cpp, line 759]
Event: 10.743 Thread 0x000002096ba6da30 Exception <a 'java/lang/NoSuchMethodError'{0x00000000eb9ea5e0}: 'void java.lang.invoke.DirectMethodHandle$Holder.invokeSpecial(java.lang.Object, java.lang.Object, java.lang.Object, java.lang.Object, java.lang.Object, java.lang.Object)'> (0x00000000eb9ea5e0) 
thrown [s\src\hotspot\share\interpreter\linkResolver.cpp, line 759]
Event: 10.744 Thread 0x000002096ba6da30 Exception <a 'java/lang/IncompatibleClassChangeError'{0x00000000eba50e48}: Found class java.lang.Object, but interface was expected> (0x00000000eba50e48) 
thrown [s\src\hotspot\share\interpreter\linkResolver.cpp, line 826]
Event: 10.768 Thread 0x0000020908ac4e80 Exception <a 'java/io/FileNotFoundException'{0x00000000ebd3ec48}> (0x00000000ebd3ec48) 
thrown [s\src\hotspot\share\prims\jni.cpp, line 516]
Event: 10.768 Thread 0x0000020908ac4e80 Exception <a 'java/io/FileNotFoundException'{0x00000000ebd3fe90}> (0x00000000ebd3fe90) 
thrown [s\src\hotspot\share\prims\jni.cpp, line 516]
Event: 10.768 Thread 0x0000020908ac9a70 Exception <a 'java/lang/NoSuchMethodError'{0x00000000ebd3ab00}: 'java.lang.Object java.lang.invoke.DirectMethodHandle$Holder.invokeSpecialIFC(java.lang.Object, java.lang.Object, java.lang.Object, java.lang.Object)'> (0x00000000ebd3ab00) 
thrown [s\src\hotspot\share\interpreter\linkResolver.cpp, line 759]
Event: 10.769 Thread 0x0000020908ac4e80 Exception <a 'java/lang/NoSuchMethodError'{0x00000000ebd60638}: 'java.lang.Object java.lang.invoke.DirectMethodHandle$Holder.newInvokeSpecial(java.lang.Object, java.lang.Object, java.lang.Object, int)'> (0x00000000ebd60638) 
thrown [s\src\hotspot\share\interpreter\linkResolver.cpp, line 759]
Event: 10.770 Thread 0x0000020908ac4e80 Exception <a 'java/lang/NoSuchMethodError'{0x00000000ebd64740}: 'java.lang.Object java.lang.invoke.DirectMethodHandle$Holder.invokeSpecial(java.lang.Object, java.lang.Object, java.lang.Object, java.lang.Object, int)'> (0x00000000ebd64740) 
thrown [s\src\hotspot\share\interpreter\linkResolver.cpp, line 759]
Event: 10.770 Thread 0x0000020908ac4e80 Exception <a 'java/lang/NoSuchMethodError'{0x00000000ebd67e48}: 'java.lang.Object java.lang.invoke.Invokers$Holder.linkToTargetMethod(java.lang.Object, java.lang.Object, int, java.lang.Object)'> (0x00000000ebd67e48) 
thrown [s\src\hotspot\share\interpreter\linkResolver.cpp, line 759]
Event: 10.771 Thread 0x0000020908ac4e80 Exception <a 'java/lang/NoSuchMethodError'{0x00000000ebdc4e48}: 'void java.lang.invoke.DirectMethodHandle$Holder.invokeStaticInit(java.lang.Object, java.lang.Object, java.lang.Object)'> (0x00000000ebdc4e48) 
thrown [s\src\hotspot\share\interpreter\linkResolver.cpp, line 759]
Event: 10.821 Thread 0x0000020908ac3020 Exception <a 'sun/nio/fs/WindowsException'{0x00000000eaf8db48}> (0x00000000eaf8db48) 
thrown [s\src\hotspot\share\prims\jni.cpp, line 516]

VM Operations (20 events):
Event: 10.330 Executing VM operation: HandshakeAllThreads
Event: 10.330 Executing VM operation: HandshakeAllThreads done
Event: 10.341 Executing VM operation: CollectForMetadataAllocation
Event: 10.367 Executing VM operation: CollectForMetadataAllocation done
Event: 10.382 Executing VM operation: HandshakeAllThreads
Event: 10.382 Executing VM operation: HandshakeAllThreads done
Event: 10.385 Executing VM operation: HandshakeAllThreads
Event: 10.385 Executing VM operation: HandshakeAllThreads done
Event: 10.410 Executing VM operation: HandshakeAllThreads
Event: 10.410 Executing VM operation: HandshakeAllThreads done
Event: 10.657 Executing VM operation: ParallelGCFailedAllocation
Event: 10.658 Executing VM operation: ParallelGCFailedAllocation done
Event: 10.732 Executing VM operation: HandshakeAllThreads
Event: 10.732 Executing VM operation: HandshakeAllThreads done
Event: 10.735 Executing VM operation: HandshakeAllThreads
Event: 10.735 Executing VM operation: HandshakeAllThreads done
Event: 10.799 Executing VM operation: ParallelGCFailedAllocation
Event: 10.801 Executing VM operation: ParallelGCFailedAllocation done
Event: 10.910 Executing VM operation: ParallelGCFailedAllocation
Event: 10.912 Executing VM operation: ParallelGCFailedAllocation done

Memory protections (0 events):
No events

Nmethod flushes (0 events):
No events

Events (20 events):
Event: 10.261 Thread 0x0000020906ce7320 Thread added: 0x0000020908ac3020
Event: 10.559 Thread 0x000002096ba6da30 Thread added: 0x0000020908ac4970
Event: 10.560 Thread 0x000002096ba6da30 Thread added: 0x0000020908ac9f80
Event: 10.560 Thread 0x000002096ba6da30 Thread added: 0x0000020908ac4460
Event: 10.560 Thread 0x000002096ba6da30 Thread added: 0x0000020908ac5390
Event: 10.560 Thread 0x000002096ba6da30 Thread added: 0x0000020908ac58a0
Event: 10.560 Thread 0x000002096ba6da30 Thread added: 0x0000020908aca490
Event: 10.560 Thread 0x000002096ba6da30 Thread added: 0x0000020908ac8120
Event: 10.560 Thread 0x000002096ba6da30 Thread added: 0x0000020908ac62c0
Event: 10.560 Thread 0x000002096ba6da30 Thread added: 0x0000020908ac67d0
Event: 10.560 Thread 0x000002096ba6da30 Thread added: 0x0000020908ac5db0
Event: 10.561 Thread 0x000002096ba6da30 Thread added: 0x0000020908ac3a40
Event: 10.561 Thread 0x000002096ba6da30 Thread added: 0x0000020908ac9050
Event: 10.561 Thread 0x000002096ba6da30 Thread added: 0x0000020908ac71f0
Event: 10.581 Thread 0x000002096ba6da30 Thread added: 0x0000020908aca9a0
Event: 10.648 Thread 0x0000020908ac7700 Thread added: 0x0000020908ac9a70
Event: 10.715 Thread 0x0000020908ac7700 Thread added: 0x0000020908ac8630
Event: 10.773 Thread 0x000002096ba6da30 Thread added: 0x0000020908ac3f50
Event: 10.773 Thread 0x000002096ba6da30 Thread added: 0x0000020908ac8b40
Event: 10.890 Thread 0x0000020908ac4e80 Thread added: 0x0000020908ac9560


Dynamic libraries:
0x00007ff622760000 - 0x00007ff62276e000 	c:\Users\PATRICK\.vscode\extensions\redhat.java-1.37.0-win32-x64\jre\17.0.13-win32-x86_64\bin\java.exe
0x00007ffae95b0000 - 0x00007ffae97c7000 	C:\WINDOWS\SYSTEM32\ntdll.dll
0x00007ffae7a50000 - 0x00007ffae7b14000 	C:\WINDOWS\System32\KERNEL32.DLL
0x00007ffae6be0000 - 0x00007ffae6f99000 	C:\WINDOWS\System32\KERNELBASE.dll
0x00007ffae7180000 - 0x00007ffae7291000 	C:\WINDOWS\System32\ucrtbase.dll
0x00007ffae2280000 - 0x00007ffae229e000 	c:\Users\PATRICK\.vscode\extensions\redhat.java-1.37.0-win32-x64\jre\17.0.13-win32-x86_64\bin\VCRUNTIME140.dll
0x00007ffad76a0000 - 0x00007ffad76b7000 	c:\Users\PATRICK\.vscode\extensions\redhat.java-1.37.0-win32-x64\jre\17.0.13-win32-x86_64\bin\jli.dll
0x00007ffae72f0000 - 0x00007ffae749e000 	C:\WINDOWS\System32\USER32.dll
0x00007ffad2da0000 - 0x00007ffad3032000 	C:\WINDOWS\WinSxS\amd64_microsoft.windows.common-controls_6595b64144ccf1df_6.0.22621.4391_none_2715d37f73803e96\COMCTL32.dll
0x00007ffae72a0000 - 0x00007ffae72c6000 	C:\WINDOWS\System32\win32u.dll
0x00007ffae79a0000 - 0x00007ffae7a47000 	C:\WINDOWS\System32\msvcrt.dll
0x00007ffae9330000 - 0x00007ffae9359000 	C:\WINDOWS\System32\GDI32.dll
0x00007ffae6ac0000 - 0x00007ffae6bdb000 	C:\WINDOWS\System32\gdi32full.dll
0x00007ffae69f0000 - 0x00007ffae6a8a000 	C:\WINDOWS\System32\msvcp_win.dll
0x00007ffae9130000 - 0x00007ffae9161000 	C:\WINDOWS\System32\IMM32.DLL
0x00007ffad7c80000 - 0x00007ffad7c8c000 	c:\Users\PATRICK\.vscode\extensions\redhat.java-1.37.0-win32-x64\jre\17.0.13-win32-x86_64\bin\vcruntime140_1.dll
0x00007ffa6bd40000 - 0x00007ffa6bdcd000 	c:\Users\PATRICK\.vscode\extensions\redhat.java-1.37.0-win32-x64\jre\17.0.13-win32-x86_64\bin\msvcp140.dll
0x00007ffa67690000 - 0x00007ffa682fb000 	c:\Users\PATRICK\.vscode\extensions\redhat.java-1.37.0-win32-x64\jre\17.0.13-win32-x86_64\bin\server\jvm.dll
0x00007ffae74b0000 - 0x00007ffae7562000 	C:\WINDOWS\System32\ADVAPI32.dll
0x00007ffae77a0000 - 0x00007ffae7847000 	C:\WINDOWS\System32\sechost.dll
0x00007ffae6a90000 - 0x00007ffae6ab8000 	C:\WINDOWS\System32\bcrypt.dll
0x00007ffae7580000 - 0x00007ffae7694000 	C:\WINDOWS\System32\RPCRT4.dll
0x00007ffae8580000 - 0x00007ffae85f1000 	C:\WINDOWS\System32\WS2_32.dll
0x00007ffae5aa0000 - 0x00007ffae5aed000 	C:\WINDOWS\SYSTEM32\POWRPROF.dll
0x00007ffae1fe0000 - 0x00007ffae1fea000 	C:\WINDOWS\SYSTEM32\VERSION.dll
0x00007ffad0e80000 - 0x00007ffad0eb4000 	C:\WINDOWS\SYSTEM32\WINMM.dll
0x00007ffae5a80000 - 0x00007ffae5a93000 	C:\WINDOWS\SYSTEM32\UMPDC.dll
0x00007ffae5960000 - 0x00007ffae5978000 	C:\WINDOWS\SYSTEM32\kernel.appcore.dll
0x00007ffacc320000 - 0x00007ffacc32a000 	c:\Users\PATRICK\.vscode\extensions\redhat.java-1.37.0-win32-x64\jre\17.0.13-win32-x86_64\bin\jimage.dll
0x00007ffae41d0000 - 0x00007ffae4402000 	C:\WINDOWS\SYSTEM32\DBGHELP.DLL
0x00007ffae8680000 - 0x00007ffae8a0f000 	C:\WINDOWS\System32\combase.dll
0x00007ffae78b0000 - 0x00007ffae7987000 	C:\WINDOWS\System32\OLEAUT32.dll
0x00007ffacbb30000 - 0x00007ffacbb62000 	C:\WINDOWS\SYSTEM32\dbgcore.DLL
0x00007ffae68b0000 - 0x00007ffae692b000 	C:\WINDOWS\System32\bcryptPrimitives.dll
0x00007ffacb0e0000 - 0x00007ffacb0ee000 	c:\Users\PATRICK\.vscode\extensions\redhat.java-1.37.0-win32-x64\jre\17.0.13-win32-x86_64\bin\instrument.dll
0x00007ffaca130000 - 0x00007ffaca155000 	c:\Users\PATRICK\.vscode\extensions\redhat.java-1.37.0-win32-x64\jre\17.0.13-win32-x86_64\bin\java.dll
0x00007ffac0c90000 - 0x00007ffac0ca8000 	c:\Users\PATRICK\.vscode\extensions\redhat.java-1.37.0-win32-x64\jre\17.0.13-win32-x86_64\bin\zip.dll
0x00007ffae7b20000 - 0x00007ffae8396000 	C:\WINDOWS\System32\SHELL32.dll
0x00007ffae47f0000 - 0x00007ffae50f3000 	C:\WINDOWS\SYSTEM32\windows.storage.dll
0x00007ffae46b0000 - 0x00007ffae47ef000 	C:\WINDOWS\SYSTEM32\wintypes.dll
0x00007ffae9360000 - 0x00007ffae9459000 	C:\WINDOWS\System32\SHCORE.dll
0x00007ffae9460000 - 0x00007ffae94be000 	C:\WINDOWS\System32\shlwapi.dll
0x00007ffae67e0000 - 0x00007ffae680b000 	C:\WINDOWS\SYSTEM32\profapi.dll
0x00007ffac0c70000 - 0x00007ffac0c89000 	C:\Users\PATRICK\.vscode\extensions\redhat.java-1.37.0-win32-x64\jre\17.0.13-win32-x86_64\bin\net.dll
0x00007ffae2340000 - 0x00007ffae2476000 	C:\WINDOWS\SYSTEM32\WINHTTP.dll
0x00007ffae5e60000 - 0x00007ffae5ec9000 	C:\WINDOWS\system32\mswsock.dll
0x00007ffac0c50000 - 0x00007ffac0c66000 	C:\Users\PATRICK\.vscode\extensions\redhat.java-1.37.0-win32-x64\jre\17.0.13-win32-x86_64\bin\nio.dll
0x00007ffacb0d0000 - 0x00007ffacb0e0000 	c:\Users\PATRICK\.vscode\extensions\redhat.java-1.37.0-win32-x64\jre\17.0.13-win32-x86_64\bin\verify.dll
0x00007ffaa3910000 - 0x00007ffaa3955000 	C:\Users\PATRICK\AppData\Roaming\Code\User\globalStorage\redhat.java\1.37.0\config_win\org.eclipse.equinox.launcher\org.eclipse.equinox.launcher.win32.win32.x86_64_1.2.1100.v20240722-2106\eclipse_11904.dll
0x00007ffae9170000 - 0x00007ffae9315000 	C:\WINDOWS\System32\ole32.dll
0x00007ffae60b0000 - 0x00007ffae60cb000 	C:\WINDOWS\SYSTEM32\CRYPTSP.dll
0x00007ffae5850000 - 0x00007ffae5885000 	C:\WINDOWS\system32\rsaenh.dll
0x00007ffae5f50000 - 0x00007ffae5f78000 	C:\WINDOWS\SYSTEM32\USERENV.dll
0x00007ffae60d0000 - 0x00007ffae60dc000 	C:\WINDOWS\SYSTEM32\CRYPTBASE.dll
0x00007ffae5360000 - 0x00007ffae538d000 	C:\WINDOWS\SYSTEM32\IPHLPAPI.DLL
0x00007ffae9320000 - 0x00007ffae9329000 	C:\WINDOWS\System32\NSI.dll
0x00007ffae2b70000 - 0x00007ffae2b89000 	C:\WINDOWS\SYSTEM32\dhcpcsvc6.DLL
0x00007ffae25a0000 - 0x00007ffae25bf000 	C:\WINDOWS\SYSTEM32\dhcpcsvc.DLL
0x00007ffae53d0000 - 0x00007ffae54d2000 	C:\WINDOWS\SYSTEM32\DNSAPI.dll
0x00007ffae1a20000 - 0x00007ffae1a69000 	C:\Users\PATRICK\AppData\Local\Temp\jna--73163806\jna4154412947560831033.dll
0x00007ffae7990000 - 0x00007ffae7998000 	C:\WINDOWS\System32\PSAPI.DLL

dbghelp: loaded successfully - version: 4.0.5 - missing functions: none
symbol engine: initialized successfully - sym options: 0x614 - pdb path: .;c:\Users\PATRICK\.vscode\extensions\redhat.java-1.37.0-win32-x64\jre\17.0.13-win32-x86_64\bin;C:\WINDOWS\SYSTEM32;C:\WINDOWS\WinSxS\amd64_microsoft.windows.common-controls_6595b64144ccf1df_6.0.22621.4391_none_2715d37f73803e96;c:\Users\PATRICK\.vscode\extensions\redhat.java-1.37.0-win32-x64\jre\17.0.13-win32-x86_64\bin\server;C:\Users\PATRICK\AppData\Roaming\Code\User\globalStorage\redhat.java\1.37.0\config_win\org.eclipse.equinox.launcher\org.eclipse.equinox.launcher.win32.win32.x86_64_1.2.1100.v20240722-2106;C:\Users\PATRICK\AppData\Local\Temp\jna--73163806

VM Arguments:
jvm_args: --add-modules=ALL-SYSTEM --add-opens=java.base/java.util=ALL-UNNAMED --add-opens=java.base/java.lang=ALL-UNNAMED --add-opens=java.base/sun.nio.fs=ALL-UNNAMED -Declipse.application=org.eclipse.jdt.ls.core.id1 -Dosgi.bundles.defaultStartLevel=4 -Declipse.product=org.eclipse.jdt.ls.core.product -Djava.import.generatesMetadataFilesAtProjectRoot=false -DDetectVMInstallationsJob.disabled=true -Dfile.encoding=utf8 -XX:+UseParallelGC -XX:GCTimeRatio=4 -XX:AdaptiveSizePolicyWeight=90 -Dsun.zip.disableMemoryMapping=true -Xmx1G -Xms100m -Xlog:disable -javaagent:c:\Users\PATRICK\.vscode\extensions\redhat.java-1.37.0-win32-x64\lombok\lombok-1.18.34.jar -XX:+HeapDumpOnOutOfMemoryError -XX:HeapDumpPath=c:\Users\PATRICK\AppData\Roaming\Code\User\workspaceStorage\f894fb1dcfdf21191da425cff57b0a2a\redhat.java -Daether.dependencyCollector.impl=bf 
java_command: c:\Users\PATRICK\.vscode\extensions\redhat.java-1.37.0-win32-x64\server\plugins\org.eclipse.equinox.launcher_1.6.900.v20240613-2009.jar -configuration c:\Users\PATRICK\AppData\Roaming\Code\User\globalStorage\redhat.java\1.37.0\config_win -data c:\Users\PATRICK\AppData\Roaming\Code\User\workspaceStorage\f894fb1dcfdf21191da425cff57b0a2a\redhat.java\jdt_ws --pipe=\\.\pipe\lsp-00bb4d727bd2234ddd644f5278678d2d-sock
java_class_path (initial): c:\Users\PATRICK\.vscode\extensions\redhat.java-1.37.0-win32-x64\server\plugins\org.eclipse.equinox.launcher_1.6.900.v20240613-2009.jar
Launcher Type: SUN_STANDARD

[Global flags]
    uintx AdaptiveSizePolicyWeight                 = 90                                        {product} {command line}
     intx CICompilerCount                          = 4                                         {product} {ergonomic}
    uintx GCTimeRatio                              = 4                                         {product} {command line}
     bool HeapDumpOnOutOfMemoryError               = true                                   {manageable} {command line}
    ccstr HeapDumpPath                             = c:\Users\PATRICK\AppData\Roaming\Code\User\workspaceStorage\f894fb1dcfdf21191da425cff57b0a2a\redhat.java         {manageable} {command line}
   size_t InitialHeapSize                          = 104857600                                 {product} {command line}
   size_t MaxHeapSize                              = 1073741824                                {product} {command line}
   size_t MaxNewSize                               = 357564416                                 {product} {ergonomic}
   size_t MinHeapDeltaBytes                        = 524288                                    {product} {ergonomic}
   size_t MinHeapSize                              = 104857600                                 {product} {command line}
   size_t NewSize                                  = 34603008                                  {product} {ergonomic}
    uintx NonNMethodCodeHeapSize                   = 5839372                                {pd product} {ergonomic}
    uintx NonProfiledCodeHeapSize                  = 122909434                              {pd product} {ergonomic}
   size_t OldSize                                  = 70254592                                  {product} {ergonomic}
    uintx ProfiledCodeHeapSize                     = 122909434                              {pd product} {ergonomic}
    uintx ReservedCodeCacheSize                    = 251658240                              {pd product} {ergonomic}
     bool SegmentedCodeCache                       = true                                      {product} {ergonomic}
   size_t SoftMaxHeapSize                          = 1073741824                             {manageable} {ergonomic}
     bool UseCompressedClassPointers               = true                           {product lp64_product} {ergonomic}
     bool UseCompressedOops                        = true                           {product lp64_product} {ergonomic}
     bool UseLargePagesIndividualAllocation        = false                                  {pd product} {ergonomic}
     bool UseParallelGC                            = true                                      {product} {command line}

Logging:
Log output configuration:
 #0: stdout all=off uptime,level,tags
 #1: stderr all=off uptime,level,tags

Environment Variables:
JAVA_HOME=C:\Program Files (x86)\Java\jre1.8.0_431
PATH=C:\Program Files (x86)\VMware\VMware Workstation\bin\;C:\Program Files (x86)\Common Files\Oracle\Java\java8path;C:\Program Files (x86)\Common Files\Oracle\Java\javapath;C:\Program Files\Eclipse Adoptium\jdk-21.0.4.7-hotspot\bin;C:\WINDOWS\system32;C:\WINDOWS;C:\WINDOWS\System32\Wbem;C:\WINDOWS\System32\WindowsPowerShell\v1.0\;C:\WINDOWS\System32\OpenSSH\;C:\Program Files\dotnet\;C:\Program Files\MiKTeX\miktex\bin\x64\;C:\Program Files\Git\cmd;C:\Program Files\nodejs\;C:\Program Files (x86)\Java\jre1.8.0_431\bin;C:\Users\PATRICK\AppData\Local\Microsoft\WindowsApps;;C:\Program Files\JetBrains\IntelliJ IDEA Community Edition 2024.2.0.1\bin;;C:\Users\PATRICK\AppData\Local\Programs\Microsoft VS Code\bin;C:\Users\PATRICK\AppData\Roaming\npm
USERNAME=PATRICK
OS=Windows_NT
PROCESSOR_IDENTIFIER=Intel64 Family 6 Model 158 Stepping 10, GenuineIntel
TMP=C:\Users\PATRICK\AppData\Local\Temp
TEMP=C:\Users\PATRICK\AppData\Local\Temp



Periodic native trim disabled


---------------  S Y S T E M  ---------------

OS:
 Windows 11 , 64 bit Build 22621 (10.0.22621.4391)
OS uptime: 0 days 12:12 hours

CPU: total 12 (initial active 12) (6 cores per cpu, 2 threads per core) family 6 model 158 stepping 10 microcode 0xde, cx8, cmov, fxsr, ht, mmx, 3dnowpref, sse, sse2, sse3, ssse3, sse4.1, sse4.2, popcnt, lzcnt, tsc, tscinvbit, avx, avx2, aes, erms, clmul, bmi1, bmi2, adx, fma, vzeroupper, clflush, clflushopt
Processor Information for all 12 processors :
  Max Mhz: 2592, Current Mhz: 2592, Mhz Limit: 2592

Memory: 4k page, system-wide physical 32619M (3629M free)
TotalPageFile size 130923M (AvailPageFile size 3M)
current process WorkingSet (physical memory assigned to process): 185M, peak: 185M
current process commit charge ("private bytes"): 285M, peak: 285M

vm_info: OpenJDK 64-Bit Server VM (17.0.13+11) for windows-amd64 JRE (17.0.13+11), built on Oct 16 2024 00:10:08 by "admin" with MS VC++ 17.7 (VS2022)

END.
